http://www.google.com/hostednews/afp/article/ALeqM5gz6wr66r6Oa38fRV4RQH7uwZd2pA?docId=7ab4cb0a-40ef-49b8-b757-5b337a3ee3a0&amp;hl=en:
google.com

http://www.google.com/hostednews/afp/article/ALeqM5hEyztI8NQHagOrUBEQdrKXTc1rag?docId=fe3e3476-346a-4d68-bbf8-6dd59c8fb67b&amp;hl=en:
google.com

http://www.google.com/hostednews/afp/article/ALeqM5hV12mi9lkDgV9J4-R-k5C4TkWgzw?docId=CNG.b3a51da26e7e858e1c7f73c604cd63e3.6d1:
google.com

http://www.google.com/hostednews/afp/article/ALeqM5iSy1L79ZOOJTwChdCsPmgEHZY1dg?docId=CNG.b468d09f9171bdc7fe53dd43d5828442.191:
google.com

http://www.google.com/hostednews/afp/article/ALeqM5jT0RGZgiJxBSeHl1Ldoqv8uU8ITw?docId=CNG.b736c800fa345dd0ed4b84ca0517bc60.2a1:
google.com

http://www.google.com/hostednews/afp/article/ALeqM5jj7uSbIAaro1v0fwW4jziIxQ1j9w?docId=CNG.a807bd69f3debaa7a6b4ca2383f9500b.1191:
google.com

http://www.google.com/hostednews/afp/article/ALeqM5gUvb9stZC-Dym3s40BBeiMg0GYLQ?docId=CNG.0f87b2c4d6a2783e2397f8764776ea9c.6c1:
google.com

http://www.google.com/hostednews/afp/article/ALeqM5jn_Hwm1c4s57hZroY2XO3gtvHl_g?docId=CNG.d4e0242216423f0ddcaa53de60d07900.f1:
google.com

http://www.google.com/hostednews/afp/article/ALeqM5ih2IqpxETPtA6pKq1ZWIAPp16D3Q?docId=b1e882bb-3e48-4927-8c36-bad33a505f0c:
google.com

http://www.google.com/hostednews/afp/article/ALeqM5i8cOrcBcmi1S4CxaYoU8CP75GJpw?docId=CNG.13941495f3f18c4f09f35348610dab3f.921:
google.com

http://www.google.com/hostednews/afp/article/ALeqM5jD8GWV0un5oYe9BW1ICxGOmcyIkg?docId=e06c9117-d181-430d-9ece-266a41667852:
google.com

http://www.google.com/hostednews/afp/article/ALeqM5iUDwcBanUZTjwCJZmdCH4m-aDnOg?docId=699590d2-d81d-4a23-a6dd-3754e6383178:
google.com

