http://bigstory.ap.org/article/ap-exclusive-syrian-rebels-seize-base-arms-trove:
bigstory.ap.org

http://bigstory.ap.org/article/hrw-syrian-missiles-kill-hundreds-civilians:
bigstory.ap.org

http://bigstory.ap.org/article/syria-opposition-welcomes-support-assad-ouster:
bigstory.ap.org

http://www.google.com/hostednews/ap/article/ALeqM5jmIII4FgDvIW-bij_fdHF4v0Whbw?docId=48328c71af0241c39aef95fda77612f7:
google.com

http://bigstory.ap.org/article/closed-business-government-shutdown-history-0:
bigstory.ap.org

http://bigstory.ap.org/article/germanys-merkel-rejects-nsa-stasi-comparison:
bigstory.ap.org

http://bigstory.ap.org/article/report-canada-spies-targeted-brazil-mine-ministry:
bigstory.ap.org

http://bigstory.ap.org/article/report-nsa-and-cia-collaborate-drone-strikes:
bigstory.ap.org

http://hosted.ap.org/dynamic/stories/E/EU_NSA_SURVEILLANCE?SITE=AP&amp;SECTION=HOME&amp;TEMPLATE=DEFAULT&amp;CTIME=2013-12-29-13-01-13:
hosted.ap.org

http://bigstory.ap.org/article/ap-impact-snowdens-life-surrounded-spycraft:
bigstory.ap.org

http://bigstory.ap.org/article/secret-prism-success-even-bigger-data-seizure:
bigstory.ap.org

http://bigstory.ap.org/article/celtics-honor-police-other-1st-responders:
bigstory.ap.org

http://bigstory.ap.org/article/last-hospitalized-marathon-victim-heads-home:
bigstory.ap.org

http://bigstory.ap.org/article/navy-bomb-unit-sent-boston:
bigstory.ap.org

http://bigstory.ap.org/article/official-cellphone-service-shut-down-boston:
bigstory.ap.org

http://hosted.ap.org/dynamic/stories/U/US_BOSTON_MARATHON_EXPLOSIONS?SITE=AP&amp;SECTION=HOME&amp;TEMPLATE=DEFAULT&amp;CTIME=2013-05-01-12-34-05:
hosted.ap.org

http://bigstory.ap.org/article/two-explosions-boston-marathon-finish-line-0:
bigstory.ap.org

http://bigstory.ap.org/article/lawmakers-ask-who-knew-what-about-bomb-suspect:
bigstory.ap.org

http://bigstory.ap.org/article/lawmakers-ask-who-knew-what-about-bomb-suspect:
bigstory.ap.org

http://hosted.ap.org/dynamic/stories/U/US_NEIGHBORHOOD_WATCH_WHITE_OR_HISPANIC?SITE=AP&amp;SECTION=HOME&amp;TEMPLATE=DEFAULT:
hosted.ap.org

http://bigstory.ap.org/article/fla-democrats-want-repeal-stand-your-ground:
bigstory.ap.org

http://bigstory.ap.org/article/george-zimmerman-sues-nbc-and-reporters-0:
bigstory.ap.org

http://bigstory.ap.org/article/judge-no-audio-testimony-zimmerman-trial:
bigstory.ap.org

http://bigstory.ap.org/article/prosecutors-want-admit-calls-zimmerman-trial:
bigstory.ap.org

http://bigstory.ap.org/article/zimmerman-back-jail-judge-says-he-lied:
bigstory.ap.org

http://bigstory.ap.org/article/zimmerman-protesters-raid-wal-mart-stop-freeway:
bigstory.ap.org

http://bigstory.ap.org/article/zimmerman-wants-delay-trial-martin-shooting:
bigstory.ap.org

http://bigstory.ap.org/content/amid-evidence-cache-martin-case-questions-nag:
bigstory.ap.org

http://hosted.ap.org/dynamic/stories/U/US_NEIGHBORHOOD_WATCH_WHAT_ZIMMERMAN_SAID?SITE=AP&amp;SECTION=HOME&amp;TEMPLATE=DEFAULT:
hosted.ap.org

http://bigstory.ap.org/article/his-final-days-morsi-was-isolated-defiant:
bigstory.ap.org

http://bigstory.ap.org/article/egypt-turmoil-street-clashes-leave-51-dead:
bigstory.ap.org

