http://www.bbc.co.uk/news/health-22766084:
bbc.co.uk

http://www.bbc.co.uk/news/magazine-23614968A:
bbc.co.uk

http://www.bbc.co.uk/news/uk-19205204:
bbc.co.uk

http://www.bbc.co.uk/news/world-africa-22529019:
bbc.co.uk

http://www.bbc.co.uk/news/world-europe-22999619:
bbc.co.uk

http://www.bbc.co.uk/news/world-middle-east-12749674:
bbc.co.uk

http://www.bbc.co.uk/news/world-middle-east-13988701:
bbc.co.uk

http://www.bbc.co.uk/news/world-middle-east-14703995:
bbc.co.uk

http://www.bbc.co.uk/news/world-middle-east-15177114:
bbc.co.uk

http://www.bbc.co.uk/news/world-middle-east-16258387:
bbc.co.uk

http://www.bbc.co.uk/news/world-middle-east-16797818:
bbc.co.uk

http://www.bbc.co.uk/news/world-middle-east-18348201:
bbc.co.uk

http://www.bbc.co.uk/news/world-middle-east-18352281:
bbc.co.uk

http://www.bbc.co.uk/news/world-middle-east-18417952:
bbc.co.uk

http://www.bbc.co.uk/news/world-middle-east-18849362:
bbc.co.uk

http://www.bbc.co.uk/news/world-middle-east-18920733:
bbc.co.uk

http://www.bbc.co.uk/news/world-middle-east-19370506:
bbc.co.uk

http://www.bbc.co.uk/news/world-middle-east-20295857:
bbc.co.uk

http://www.bbc.co.uk/news/world-middle-east-21228039:
bbc.co.uk

http://www.bbc.co.uk/news/world-middle-east-21529634:
bbc.co.uk

http://www.bbc.co.uk/news/world-middle-east-21641113:
bbc.co.uk

http://www.bbc.co.uk/news/world-middle-east-21647196:
bbc.co.uk

http://www.bbc.co.uk/news/world-middle-east-21887877:
bbc.co.uk

http://www.bbc.co.uk/news/world-middle-east-22240540:
bbc.co.uk

http://www.bbc.co.uk/news/world-middle-east-22283746:
bbc.co.uk

http://www.bbc.co.uk/news/world-middle-east-22519770:
bbc.co.uk

http://www.bbc.co.uk/news/world-middle-east-22781667:
bbc.co.uk

http://www.bbc.co.uk/news/world-middle-east-22795655:
bbc.co.uk

http://www.bbc.co.uk/news/world-middle-east-22886730:
bbc.co.uk

http://www.bbc.co.uk/news/world-middle-east-23937972:
bbc.co.uk

http://www.bbc.co.uk/news/world-middle-east-24403003:
bbc.co.uk

http://www.bbc.co.uk/news/world-middle-east-24689025:
bbc.co.uk

http://www.bbc.co.uk/news/world-middle-east-24927097:
bbc.co.uk

http://www.bbc.co.uk/news/world-us-canada-23999066:
bbc.co.uk

http://www.bbc.co.uk/news/world-europe-20911919:
bbc.co.uk

http://www.bbc.co.uk/news/world-middle-east-18093967:
bbc.co.uk

http://www.bbc.co.uk/news/world-middle-east-22765692:
bbc.co.uk

http://www.bbc.co.uk/news/world-middle-east-23285869:
bbc.co.uk

http://www.bbc.co.uk/news/business-24209622:
bbc.co.uk

http://www.bbc.co.uk/news/business-24341406:
bbc.co.uk

http://www.bbc.co.uk/news/magazine-24540482:
bbc.co.uk

http://www.bbc.co.uk/news/world-asia-24410213:
bbc.co.uk

http://www.bbc.co.uk/news/world-us-canada-24342521:
bbc.co.uk

http://www.bbc.co.uk/news/world-us-canada-24375591:
bbc.co.uk

http://www.bbc.co.uk/news/world-us-canada-24342521:
bbc.co.uk

http://news.bbc.co.uk/2/hi/talking_point/658129.stm:
news.bbc.co.uk

http://news.bbc.co.uk/2/hi/uk_news/politics/3488548.stm:
news.bbc.co.uk

http://news.bbc.co.uk/2/hi/uk_news/politics/3659310.stm:
news.bbc.co.uk

http://www.bbc.co.uk/news/uk-25205846:
bbc.co.uk

http://www.bbc.co.uk/news/world-europe-24770430:
bbc.co.uk

http://news.bbc.co.uk/2/shared/bsp/hi/pdfs/26_07_13_attorney_general_letter_to_russian_justice_minister.pdf:
news.bbc.co.uk

http://www.bbc.co.uk/news/23605507:
bbc.co.uk

http://www.bbc.co.uk/news/23608052:
bbc.co.uk

http://www.bbc.co.uk/news/world-europe-23328074:
bbc.co.uk

http://www.bbc.co.uk/news/world-europe-23468459:
bbc.co.uk

http://www.bbc.co.uk/news/world-europe-23543807:
bbc.co.uk

http://www.bbc.co.uk/news/world-latin-america-23201767:
bbc.co.uk

http://www.bbc.co.uk/news/world-us-canada-22837100:
bbc.co.uk

http://www.bbc.co.uk/news/world-us-canada-22842837:
bbc.co.uk

http://www.bbc.co.uk/news/uk-22236946:
bbc.co.uk

http://www.bbc.co.uk/news/world-22160978:
bbc.co.uk

http://www.bbc.co.uk/news/world-us-canada-22166073:
bbc.co.uk

http://www.bbc.co.uk/news/world-us-canada-22191030:
bbc.co.uk

http://www.bbc.co.uk/news/world-us-canada-22212946:
bbc.co.uk

http://www.bbc.co.uk/news/world-us-canada-22229329:
bbc.co.uk

http://www.bbc.co.uk/news/world-us-canada-22409920:
bbc.co.uk

http://www.bbc.co.uk/news/uk-25254578:
bbc.co.uk

http://www.bbc.co.uk/news/uk-northern-ireland-25250340:
bbc.co.uk

http://www.bbc.co.uk/news/uk-scotland-25250774:
bbc.co.uk

http://www.bbc.co.uk/news/world-africa-25249520:
bbc.co.uk

http://www.bbc.co.uk/news/world-us-canada-25324942:
bbc.co.uk

http://news.bbc.co.uk/1/hi/world/1144147.stm:
news.bbc.co.uk

http://news.bbc.co.uk/1/hi/world/africa/8353853.stm:
news.bbc.co.uk

http://news.bbc.co.uk/1/hi/world/middle_east/2228971.stm:
news.bbc.co.uk

http://news.bbc.co.uk/2/hi/africa/1492865.stm:
news.bbc.co.uk

http://news.bbc.co.uk/2/hi/africa/3532916.stm:
news.bbc.co.uk

http://news.bbc.co.uk/onthisday/hi/dates/stories/february/11/newsid_2539000/2539947.stm:
news.bbc.co.uk

http://news.bbc.co.uk/onthisday/hi/dates/stories/may/10/newsid_2661000/2661503.stm:
news.bbc.co.uk

http://news.bbc.co.uk/sport1/hi/rugby_union/rugby_world_cup/team_pages/south_africa/3167692.stm:
news.bbc.co.uk

http://www.bbc.co.uk/news/world-africa-20839504:
bbc.co.uk

http://www.bbc.co.uk/news/world-africa-22851404:
bbc.co.uk

http://www.bbc.co.uk/news/world-africa-25249520:
bbc.co.uk

http://www.bbc.co.uk/news/world-africa-25399709:
bbc.co.uk

http://news.bbc.co.uk/2/hi/americas/1481313.stm:
news.bbc.co.uk

http://www.bbc.co.uk/news/world-europe-21794798:
bbc.co.uk

http://www.bbc.co.uk/news/world-europe-21812545:
bbc.co.uk

http://www.bbc.co.uk/news/world-europe-21812545:
bbc.co.uk

http://www.bbc.co.uk/news/world-europe-21813874:
bbc.co.uk

http://www.bbc.co.uk/news/world-europe-21839069:
bbc.co.uk

http://www.bbc.co.uk/news/world-europe-22043312:
bbc.co.uk

http://www.bbc.co.uk/news/world-europe-22551125:
bbc.co.uk

http://www.bbc.co.uk/news/world-europe-22664822:
bbc.co.uk

http://www.bbc.co.uk/news/world-europe-23094320:
bbc.co.uk

http://www.bbc.co.uk/news/world-europe-23489702:
bbc.co.uk

http://www.bbc.co.uk/news/world-europe-24166434:
bbc.co.uk

http://www.bbc.co.uk/news/world-latin-america-23432762:
bbc.co.uk

http://news.bbc.co.uk/2/hi/americas/1481313.stm:
news.bbc.co.uk

http://www.bbc.co.uk/news/world-us-canada-23382880:
bbc.co.uk

http://news.bbc.co.uk/2/hi/business/7759470.stm:
news.bbc.co.uk

http://news.bbc.co.uk/2/shared/spl/hi/pop_ups/05/business_aid_and_development/html/2.stm:
news.bbc.co.uk

http://www.bbc.co.uk/news/business-15820601:
bbc.co.uk

http://www.bbc.co.uk/news/magazine-21636723:
bbc.co.uk

http://www.bbc.co.uk/news/world-middle-east-19256730:
bbc.co.uk

http://www.bbc.co.uk/news/world-middle-east-23115821:
bbc.co.uk

http://www.bbc.co.uk/news/world-middle-east-23125387:
bbc.co.uk

http://www.bbc.co.uk/news/world-middle-east-23131953:
bbc.co.uk

http://www.bbc.co.uk/news/world-middle-east-23140212:
bbc.co.uk

http://www.bbc.co.uk/news/world-middle-east-23142387:
bbc.co.uk

http://www.bbc.co.uk/news/world-middle-east-23154233:
bbc.co.uk

http://www.bbc.co.uk/news/world-middle-east-23173794:
bbc.co.uk

http://www.bbc.co.uk/news/world-middle-east-23173794:
bbc.co.uk

http://www.bbc.co.uk/news/world-middle-east-23175379:
bbc.co.uk

http://www.bbc.co.uk/news/world-middle-east-23180222:
bbc.co.uk

http://www.bbc.co.uk/news/world-middle-east-23202096:
bbc.co.uk

http://www.bbc.co.uk/news/world-middle-east-23202096:
bbc.co.uk

http://www.bbc.co.uk/news/world-middle-east-23500117:
bbc.co.uk

http://www.bbc.co.uk/news/world-middle-east-23700663:
bbc.co.uk

http://www.bbc.co.uk/news/world-middle-east-12433045:
bbc.co.uk

http://www.bbc.co.uk/news/world-middle-east-18761403:
bbc.co.uk

http://www.bbc.co.uk/news/world-middle-east-23122191:
bbc.co.uk

http://www.bbc.co.uk/news/world-middle-east-23296463:
bbc.co.uk

http://www.bbc.co.uk/news/world-middle-east-23308838:
bbc.co.uk

http://www.bbc.co.uk/news/world-middle-east-23474645:
bbc.co.uk

http://www.bbc.co.uk/news/world-middle-east-23700663:
bbc.co.uk

