http://www.businessweek.com/ap/2013-06-07/rebels-attack-air-base-in-northern-syria:
businessweek.com

http://www.businessweek.com/ap/financialnews/D9R93OMO3.htm:
businessweek.com

http://www.businessweek.com/articles/2012-06-28/supreme-court-supports-obamacare-and-bolsters-obama:
businessweek.com

http://mobile.businessweek.com/articles/2013-08-01/obamacare-may-be-headed-back-to-the-supreme-court:
mobile.businessweek.com

http://www.businessweek.com/ap/financialnews/D9EKHKK00.htm:
businessweek.com

http://www.businessweek.com/articles/2013-10-10/start-getting-ready-for-the-next-government-shutdown:
businessweek.com

http://www.businessweek.com/news/2013-04-20/boston-bombing-suspect-apprehended-at-watertown-home#p2:
businessweek.com

http://www.businessweek.com/news/2013-04-23/mom-shoplifts-as-her-boys-become-radicalized:
businessweek.com

http://www.businessweek.com/news/2013-04-23/mom-shoplifts-as-her-boys-become-radicalized#p2:
businessweek.com

http://www.businessweek.com/news/2013-12-05/nobel-prize-winner-tutu-leads-south-african-tributes-to-mandela:
businessweek.com

http://www.businessweek.com/news/2012-03-23/obama-says-it-s-imperative-that-florida-shooting-be-probed:
businessweek.com

