http://www.boston.com/bostonglobe/editorial_opinion/oped/articles/2011/06/28/romneycare_vs_obamacare:
boston.com

http://boston.com/2013/04/20/boston-police-commissioner-edward-davis-says-releasing-photos-was-turning-point-boston-marathon-bomb-probe/sojcZNcTCGah8UYBnRuk9O/story.html:
boston.com

http://boston.com/metrodesk/2013/04/22/police-probe-possible-link-between-marathon-bomber-and-unsolved-triple-homicide-waltham/T6MgaX0lur7plZrGj0HsvO/story.html:
boston.com

http://www.boston.com/metrodesk/2013/04/15/explosions-rock-boston-marathon-finish-line-dozens-injured/UyiedznUFjQRjOKwTXuSDL/story.html:
boston.com

http://www.boston.com/metrodesk/2013/04/16/investigation-boston-marathon-bombings-continues/MiyV94Jle1LoBFHFhkW2NJ/story.html:
boston.com

http://www.boston.com/metrodesk/2013/04/17/boston-medical-center-reports-five-year-old-boy-critical-condition-victims-treated-from-boston-marathon-bombings/gkKXBTqL2jyNhsC2Kz5GyO/story.html:
boston.com

http://www.boston.com/metrodesk/2013/04/19/bombing-suspect-attended-umass-dartmouth-prompting-school-closure-college-friend-shocked-charge-boston-marathon-bomber/YcEDA5nvNDi0T1jJTNjKiP/story.html:
boston.com

http://www.boston.com/metrodesk/2013/04/23/older-bombing-suspect-purchased-fireworks-fireworks-store/1XkVkPaumyROa2kIpwWlCK/story.html:
boston.com

http://www.boston.com/metrodesk/2013/05/01/three-additional-people-taken-into-custody-boston-marathon-bombings/dhLzU1e5vfbuhxyjWlBOSP/story.html:
boston.com

http://www.boston.com/news/local/massachusetts/2013/04/16/feds-seek-suspects-motive-boston-bombings/QkejBWGEKMopcHVekRXTHP/story.html:
boston.com

http://www.boston.com/news/local/massachusetts/2013/04/20/police-suspects-used-carjack-victim-atm-card/6zP1751OwoIegCQhKMqy7L/story.html:
boston.com

http://www.boston.com/news/local/massachusetts/2013/05/06/bullet-that-nearly-killed-mbta-police-officer-watertown-gunfight-appears-have-been-friendly-fire/KH9zN91vCDy7gOynKPBymL/story.html:
boston.com

http://www.boston.com/yourtown/news/watertown/2013/04/officials_in_watertown_field_c.html:
boston.com

http://boston.com/metrodesk/2013/04/22/police-probe-possible-link-between-marathon-bomber-and-unsolved-triple-homicide-waltham/T6MgaX0lur7plZrGj0HsvO/story.html:
boston.com

http://boston.com/metrodesk/2013/04/25/middlesex-county-prosecutors-building-murder-case-against-dzhokhar-tsarnaev-officer-slaying/Z5ERGSAAeLeMaDTpsdLIjK/story.html:
boston.com

http://www.boston.com/2013/05/03/umass/53DDPTDDm068LXgNLyVBKL/story.html:
boston.com

http://www.boston.com/metrodesk/2013/04/19/bombing-suspect-attended-umass-dartmouth-prompting-school-closure-college-friend-shocked-charge-boston-marathon-bomber/YcEDA5nvNDi0T1jJTNjKiP/story.html:
boston.com

http://www.boston.com/metrodesk/2013/04/25/carjack-victim-recounts-his-harrowing-night/BhQWGzarWee8MZ6KtMHJNN/story.html:
boston.com

http://www.boston.com/metrodesk/2013/05/03/boston-marathon-bombing-suspect-tamerlan-tsarnaev-died-from-gunshot-wounds-blunt-trauma-according-death-certificate/HqbOisq2mQerevXscHn06J/story.html:
boston.com

http://www.boston.com/metrodesk/2013/05/10/boston-marathon-bombing-suspect-tamerlan-tsarnaev-buried-doswell-virginia-according-two-sources/WJZCb0rTWtLFZTMzKzST4L/story.html:
boston.com

http://www.boston.com/news/local/massachusetts/2013/05/06/bullet-that-nearly-killed-mbta-police-officer-watertown-gunfight-appears-have-been-friendly-fire/KH9zN91vCDy7gOynKPBymL/story.html:
boston.com

http://www.boston.com/news/local/rhode-island/2013/05/08/worcester-police-get-suspect-body-out-city/IAa3N0ImhGxOWlGh4aEPaO/story.html:
boston.com

http://www.boston.com/news/nation/2012/10/29/fla-judge-denies-gag-order-trayvon-martin-case/iqJEFIlesM93NK9xeEP3nM/story.html:
boston.com

