http://www.guardian.co.uk/world/2010/jul/16/syrian-human-rights-unchanged-assad:
guardian.co.uk

http://www.guardian.co.uk/world/2011/mar/27/report-12-killed-syrian-port-city:
guardian.co.uk

http://www.guardian.co.uk/world/2012/may/28/syria-army-iran-forces:
guardian.co.uk

http://www.guardian.co.uk/world/2012/sep/23/syria-foreign-fighters-joining-war:
guardian.co.uk

http://www.guardian.co.uk/world/2013/jan/17/syria-crisis-alqaida-fighters-true-colours:
guardian.co.uk

http://www.guardian.co.uk/world/2013/jun/13/death-toll-syrian-conflict-93000:
guardian.co.uk

http://www.guardian.co.uk/world/2013/jun/22/syria-art-smuggled-exhibition-london-uk:
guardian.co.uk

http://www.guardian.co.uk/world/2013/mar/14/iran-hezbollah-force-syrian-regime:
guardian.co.uk

http://www.guardian.co.uk/world/2013/mar/19/syria-rocket-attacks-chemical-weapons:
guardian.co.uk

http://www.guardian.co.uk/world/middle-east-live/2012/jul/25/syria-assad-strikes-back-aleppo-live:
guardian.co.uk

http://www.guardian.co.uk/world/middle-east-live/2012/oct/30/syria-conflict-after-failed-ceasefire-live?intcmp=239:
guardian.co.uk

http://www.guardian.co.uk/world/middle-east-live/2013/mar/01/syria-crisis-kerry-visits-turkey-live:
guardian.co.uk

http://www.theguardian.com/world/2013/aug/28/syrian-army-kamikaze-against-west-assad?CMP=twt_fd&amp;CMP=SOCxx2I2:
theguardian.com

http://www.theguardian.com/world/2013/nov/15/north-korea-military-aid-syria:
theguardian.com

http://www.theguardian.com/world/2013/nov/23/syrian-islamist-rebels-oilfield-assad:
theguardian.com

http://www.theguardian.com/world/2013/sep/02/syria-crisis-french-intelligence-assad:
theguardian.com

http://www.theguardian.com/world/2014/jan/06/syrian-rebeal-oust-a-qaidi-jihadists-raqqa?CMP=twt_fd:
theguardian.com

http://www.guardian.co.uk/media/greenslade/2012/mar/28/journalist-safety-syria:
guardian.co.uk

http://www.guardian.co.uk/world/2012/sep/23/syria-foreign-fighters-joining-war:
guardian.co.uk

http://www.guardian.co.uk/world/2013/jun/13/death-toll-syrian-conflict-93000:
guardian.co.uk

http://www.theguardian.com/world/2013/oct/16/senate-leaders-strike-debt-ceiling-deal-shutdown:
theguardian.com

http://www.theguardian.com/world/2013/sep/30/us-shutdown-explainer-non-americans:
theguardian.com

http://www.guardian.co.uk/uk/2013/jun/16/gchq-intercepted-communications-g20-summits:
guardian.co.uk

http://www.guardian.co.uk/uk/2013/jun/21/gchq-cables-secret-world-communications-nsa:
guardian.co.uk

http://www.guardian.co.uk/uk/2013/jun/21/gchq-cables-secret-world-communications-nsa:
guardian.co.uk

http://www.guardian.co.uk/world/2013/jul/11/microsoft-nsa-collaboration-user-data:
guardian.co.uk

http://www.guardian.co.uk/world/2013/jun/06/nsa-phone-records-verizon-court-order:
guardian.co.uk

http://www.guardian.co.uk/world/2013/jun/09/edward-snowden-nsa-whistleblower-surveillance:
guardian.co.uk

http://www.guardian.co.uk/world/2013/jun/30/nsa-leaks-us-bugging-european-allies:
guardian.co.uk

http://www.guardian.co.uk/world/the-nsa-files:
guardian.co.uk

http://www.theguardian.com/business/2013/aug/02/telecoms-bt-vodafone-cables-gchq:
theguardian.com

http://www.theguardian.com/commentisfree/2013/jun/21/gchq-mastery-internet-mastery-everyone:
theguardian.com

http://www.theguardian.com/technology/2013/jun/07/uk-gathering-secret-intelligence-nsa-prism:
theguardian.com

http://www.theguardian.com/uk-news/2013/aug/01/nsa-paid-gchq-spying-edward-snowden:
theguardian.com

http://www.theguardian.com/uk-news/2013/aug/01/nsa-paid-gchq-spying-edward-snowden:
theguardian.com

http://www.theguardian.com/uk-news/2013/nov/01/gchq-europe-spy-agencies-mass-surveillance-snowden:
theguardian.com

http://www.theguardian.com/uk-news/2013/oct/17/uk-gchq-nsa-surveillance-inquiry-snowden:
theguardian.com

http://www.theguardian.com/uk-news/2013/oct/25/leaked-memos-gchq-mass-surveillance-secret-snowden:
theguardian.com

http://www.theguardian.com/world/2013/aug/09/nsa-loophole-warrantless-searches-email-calls:
theguardian.com

http://www.theguardian.com/world/2013/aug/19/edward-snowden-nsa-secrets-glenn-greenwald-laura-poitras:
theguardian.com

http://www.theguardian.com/world/2013/aug/23/nsa-analysts-broke-rules-spy:
theguardian.com

http://www.theguardian.com/world/2013/aug/23/nsa-prism-costs-tech-companies-paid:
theguardian.com

http://www.theguardian.com/world/2013/aug/23/us-surveillance-rules-30-years:
theguardian.com

http://www.theguardian.com/world/2013/dec/02/revealed-australian-spy-agency-offered-to-share-data-about-ordinary-citizens:
theguardian.com

http://www.theguardian.com/world/2013/dec/02/revealed-australian-spy-agency-offered-to-share-data-about-ordinary-citizens:
theguardian.com

http://www.theguardian.com/world/2013/dec/09/nsa-spies-online-games-world-warcraft-second-life:
theguardian.com

http://www.theguardian.com/world/2013/dec/16/nsa-phone-surveillance-likely-unconstitutional-judge:
theguardian.com

http://www.theguardian.com/world/2013/dec/17/merkel-compares-nsa-stasi-obama:
theguardian.com

http://www.theguardian.com/world/2013/dec/29/der-spiegel-nsa-hacking-unit-tao:
theguardian.com

http://www.theguardian.com/world/2013/jun/06/nsa-phone-records-verizon-court-order:
theguardian.com

http://www.theguardian.com/world/2013/jun/08/nsa-boundless-informant-global-datamining:
theguardian.com

http://www.theguardian.com/world/2013/jun/27/nsa-data-mining-authorised-obama:
theguardian.com

http://www.theguardian.com/world/2013/jun/27/nsa-online-metadata-collection:
theguardian.com

http://www.theguardian.com/world/2013/nov/01/nsa-data-collection-tech-firms:
theguardian.com

http://www.theguardian.com/world/2013/nov/20/us-uk-secret-deal-surveillance-personal-data:
theguardian.com

http://www.theguardian.com/world/2013/oct/04/nsa-gchq-attack-tor-network-encryption:
theguardian.com

http://www.theguardian.com/world/2013/oct/04/tor-attacks-nsa-users-online-anonymity:
theguardian.com

http://www.theguardian.com/world/2013/oct/23/us-monitored-angela-merkel-german:
theguardian.com

http://www.theguardian.com/world/2013/oct/24/nsa-surveillance-world-leaders-calls:
theguardian.com

http://www.theguardian.com/world/2013/oct/24/nsa-surveillance-world-leaders-calls:
theguardian.com

http://www.theguardian.com/world/2013/oct/25/germany-france-nsa-spying-merkel-hollande-eu:
theguardian.com

http://www.theguardian.com/world/2013/oct/30/spain-colluded-nsa-spying-citizens-spanish-el-mundo-us:
theguardian.com

http://www.theguardian.com/world/2013/sep/05/nsa-gchq-encryption-codes-security:
theguardian.com

http://www.theguardian.com/world/2013/sep/11/nsa-americans-personal-data-israel-documents:
theguardian.com

http://www.theguardian.com/world/2014/jan/02/aclu-appeal-nsa-bulk-phone-record-collection:
theguardian.com

http://www.theguardian.com/world/interactive/2013/dec/09/nsa-files-games-virtual-environments-paper-pdf:
theguardian.com

http://www.theguardian.com/world/interactive/2013/oct/04/tor-high-secure-internet-anonymity:
theguardian.com

http://www.theguardian.com/world/interactive/2013/oct/04/tor-stinks-nsa-presentation-document:
theguardian.com

http://www.theguardian.com/world/interactive/2013/sep/11/nsa-israel-intelligence-memorandum-understanding-document:
theguardian.com

http://www.guardian.co.uk/commentisfree/2013/jun/10/edward-snowden-united-stasi-america:
guardian.co.uk

http://www.guardian.co.uk/world/2013/jul/02/ecuador-rafael-correa-snowden-mistake:
guardian.co.uk

http://www.guardian.co.uk/world/2013/jul/02/edward-snowden-nsa-withdraws-asylum-russia-putin:
guardian.co.uk

http://www.guardian.co.uk/world/2013/jun/06/us-tech-giants-nsa-data:
guardian.co.uk

http://www.guardian.co.uk/world/2013/jun/08/nsa-boundless-informant-global-datamining:
guardian.co.uk

http://www.guardian.co.uk/world/2013/jun/09/booz-allen-hamilton-edward-snowden:
guardian.co.uk

http://www.guardian.co.uk/world/2013/jun/09/edward-snowden-nsa-whistleblower-surveillance:
guardian.co.uk

http://www.guardian.co.uk/world/2013/jun/09/nsa-whistleblower-edward-snowden-why:
guardian.co.uk

http://www.guardian.co.uk/world/2013/jun/10/edward-snowden-army-special-forces:
guardian.co.uk

http://www.guardian.co.uk/world/2013/jun/11/edward-snowden-nsa-whistleblower-profile:
guardian.co.uk

http://www.guardian.co.uk/world/2013/jun/17/edward-snowden-nsa-files-whistleblower:
guardian.co.uk

http://www.guardian.co.uk/world/2013/jun/17/edward-snowden-nsa-files-whistleblower:
guardian.co.uk

http://www.guardian.co.uk/world/2013/jun/28/edward-snowden-ecuador-julian-assange:
guardian.co.uk

http://www.guardian.co.uk/world/the-nsa-files:
guardian.co.uk

http://www.guardian.co.uk/world/video/2013/jun/09/nsa-whistleblower-edward-snowden-interview-video:
guardian.co.uk

http://www.theguardian.com/uk-news/2013/nov/01/gchq-europe-spy-agencies-mass-surveillance-snowden:
theguardian.com

http://www.theguardian.com/world/2013/aug/01/edward-snowden-asylum-us-disappointed:
theguardian.com

http://www.theguardian.com/world/2013/aug/13/white-house-james-clapper-nsa-surveillance-review:
theguardian.com

http://www.theguardian.com/world/2013/jun/09/edward-snowden-nsa-whistleblower-surveillance:
theguardian.com

http://www.theguardian.com/world/2013/jun/10/edward-snowden-army-special-forces:
theguardian.com

http://www.theguardian.com/world/2013/oct/03/edward-snowden-files-john-lanchester:
theguardian.com

http://www.theguardian.com/world/2013/sep/05/nsa-gchq-encryption-codes-security:
theguardian.com

http://www.guardian.co.uk/commentisfree/2013/jul/15/crux-nsa-collect-it-all:
guardian.co.uk

http://www.guardian.co.uk/commentisfree/2013/jun/09/abuse-patriot-act-must-end:
guardian.co.uk

http://www.guardian.co.uk/world/2013/jul/01/us-military-blocks-guardian-troops:
guardian.co.uk

http://www.guardian.co.uk/world/2013/jul/11/microsoft-nsa-collaboration-user-data:
guardian.co.uk

http://www.guardian.co.uk/world/2013/jul/17/nsa-surveillance-house-hearing:
guardian.co.uk

http://www.guardian.co.uk/world/2013/jun/06/nsa-phone-records-verizon-court-order:
guardian.co.uk

http://www.guardian.co.uk/world/2013/jun/06/us-tech-giants-nsa-data:
guardian.co.uk

http://www.guardian.co.uk/world/2013/jun/08/nsa-prism-server-collection-facebook-google:
guardian.co.uk

http://www.guardian.co.uk/world/2013/jun/08/nsa-prism-server-collection-facebook-google:
guardian.co.uk

http://www.guardian.co.uk/world/2013/jun/10/obama-pressured-explain-nsa-surveillance:
guardian.co.uk

http://www.guardian.co.uk/world/2013/jun/12/nsa-surveillance-data-terror-attack:
guardian.co.uk

http://www.guardian.co.uk/world/the-nsa-files:
guardian.co.uk

http://www.theguardian.com/world/2013/aug/23/nsa-prism-costs-tech-companies-paid:
theguardian.com

http://www.guardian.co.uk/commentisfree/2013/apr/21/boston-marathon-bombs-us-gun-law:
guardian.co.uk

http://www.guardian.co.uk/sport/feedarticle/10748238:
guardian.co.uk

http://www.guardian.co.uk/world/2013/apr/17/fbi-media-exercise-caution-bombings:
guardian.co.uk

http://www.guardian.co.uk/world/2013/apr/19/tamerlan-dzhokhar-tsarnaev-boston-bombings-chechnya:
guardian.co.uk

http://www.guardian.co.uk/world/2013/apr/19/tsarnaev-brothers-chechnya-ramzan-kadyrov:
guardian.co.uk

http://www.guardian.co.uk/world/2013/apr/25/boston-bombing-suspect-terrorist-database:
guardian.co.uk

http://www.guardian.co.uk/world/boston-marathon-explosions:
guardian.co.uk

http://www.guardian.co.uk/world/video/2013/apr/16/moment-boston-marathon-explosion-video:
guardian.co.uk

http://www.guardian.co.uk/world/2013/apr/19/boston-suspect-dzhokhar-tsarnaev-school:
guardian.co.uk

http://www.guardian.co.uk/world/2013/apr/22/tamerlan-tsarnaev-youtube-jihadist-radicalisation:
guardian.co.uk

http://www.guardian.co.uk/world/2013/apr/22/tsernaev-aunt-details-visit-dagestan:
guardian.co.uk

http://www.theguardian.com/media/2013/jul/17/rolling-stone-dzhokhar-tsarnaev-cover:
theguardian.com

http://www.theguardian.com/politics/2013/dec/11/david-cameron-danish-pm-mandela-memorial-selfie:
theguardian.com

http://www.theguardian.com/world/2013/dec/12/mandela-memorial-interpreter-history-violent-behaviour:
theguardian.com

http://www.theguardian.com/world/2013/dec/15/nelson-mandela-funeral-gun-salutes-silent-calm:
theguardian.com

http://www.guardian.co.uk/film/2004/jun/03/features.matthewcunningham:
guardian.co.uk

http://www.guardian.co.uk/media/2009/mar/11/bbc-commissions-winnie-mandela-drama:
guardian.co.uk

http://www.guardian.co.uk/news/2004/may/11/guardianobituaries.southafrica:
guardian.co.uk

http://www.guardian.co.uk/world/2003/jul/06/nelsonmandela.southafrica:
guardian.co.uk

http://www.guardian.co.uk/world/2010/jul/11/nelson-mandela-world-cup-final:
guardian.co.uk

http://www.guardian.co.uk/world/2013/jul/03/south-african-courts-mandela-burial:
guardian.co.uk

http://www.guardian.co.uk/aids/story/0,7369,1391527,00.html:
guardian.co.uk

http://www.guardian.co.uk/commentisfree/2013/mar/14/the-pope-francis-i-know:
guardian.co.uk

http://www.guardian.co.uk/world/2001/dec/24/alexbellos:
guardian.co.uk

http://www.guardian.co.uk/world/2013/apr/05/pope-vatican-child-sex-abuse:
guardian.co.uk

http://www.guardian.co.uk/world/2013/jul/24/pope-francis-brazil-mass:
guardian.co.uk

http://www.guardian.co.uk/world/2013/mar/13/jorge-mario-bergoglio-pope-poverty:
guardian.co.uk

http://www.guardian.co.uk/world/2013/mar/13/jorge-mario-bergoglio-pope-poverty:
guardian.co.uk

http://www.guardian.co.uk/world/2013/mar/13/new-pope-thirteen-key-facts:
guardian.co.uk

http://www.guardian.co.uk/world/2013/mar/14/pope-francis-first-day:
guardian.co.uk

http://www.guardian.co.uk/world/2013/mar/14/pope-francis-missing-lung-doctors:
guardian.co.uk

http://www.guardian.co.uk/world/2013/mar/15/pope-francis-argentina-military-era:
guardian.co.uk

http://www.guardian.co.uk/world/2013/mar/16/pope-francis-st-francis-assisi:
guardian.co.uk

http://www.guardian.co.uk/world/2013/mar/21/pope-francis-argentinian-junta-priest:
guardian.co.uk

http://www.guardian.co.uk/world/2013/may/17/pope-francis-attacks-cult-money:
guardian.co.uk

http://www.guardian.co.uk/world/2013/jun/25/zimmerman-trial-graphic-photos-trayvon-martin:
guardian.co.uk

http://www.guardian.co.uk/world/2012/mar/23/obama-trayvon-martin-tragedy:
guardian.co.uk

http://www.guardian.co.uk/business/2013/feb/11/china-worlds-largest-trading-nation:
guardian.co.uk

http://www.guardian.co.uk/news/datablog/2010/apr/30/credit-ratings-country-fitch-moodys-standard:
guardian.co.uk

http://www.guardian.co.uk/world/2013/jul/03/mohamed-morsi-egypt-second-revolution:
guardian.co.uk

http://www.guardian.co.uk/world/2013/jul/03/mohamed-morsi-egypt-second-revolution:
guardian.co.uk

http://www.guardian.co.uk/world/2013/jul/04/hague-uk-opposes-military-egypt:
guardian.co.uk

http://www.guardian.co.uk/world/2013/jun/15/egypt-mohamed-morsi-cuts-ties-with-syria:
guardian.co.uk

http://www.guardian.co.uk/world/2013/jun/30/mohamed-morsi-egypt-protests:
guardian.co.uk

http://www.guardian.co.uk/world/2013/jul/08/egypt-braced-violence-morsi-supporters:
guardian.co.uk

http://www.guardian.co.uk/world/2013/jul/27/morsi-supporters-killed-egypt-cairo:
guardian.co.uk

http://www.guardian.co.uk/world/2013/jun/17/morsi-appoints-islamist-governor-luxor:
guardian.co.uk

http://www.guardian.co.uk/world/middle-east-live/2013/jul/09/egypt-urged-to-investigate-death-morsi-supporters-live:
guardian.co.uk

