http://articles.orlandosentinel.com/2012-03-25/news/os-trayvon-martin-special-prosecutor-plans-20120325_1_chief-bill-lee-special-prosecutor-arrest-warrant:
articles.orlandosentinel.com

http://articles.orlandosentinel.com/2012-04-12/news/os-trayvon-martin-george-zimmerman-charged-jail-20120412_1_face-murder-charges-today-show-accident:
articles.orlandosentinel.com

http://articles.orlandosentinel.com/2012-04-12/news/os-trayvon-martin-george-zimmerman-charged-jail-20120412_1_face-murder-charges-today-show-accident:
articles.orlandosentinel.com

http://articles.orlandosentinel.com/2012-05-31/news/os-george-zimmerman-new-lawyer-west-20120531_1_federal-public-defender-defense-lawyer-legal-team:
articles.orlandosentinel.com

http://articles.orlandosentinel.com/2012-06-12/news/os-george-zimmerman-wife-arrested-20120612_1_perjury-charge-prosecutors-deputies:
articles.orlandosentinel.com

http://articles.orlandosentinel.com/2012-06-18/news/os-george-zimmerman-phone-audio-20120618_1_witness-list-release-special-prosecutor-angela-corey:
articles.orlandosentinel.com

http://articles.orlandosentinel.com/2012-08-09/news/os-george-zimmerman-stand-your-ground-20120809_1_george-zimmerman-trayvon-martin-mark-o-mara:
articles.orlandosentinel.com

http://articles.orlandosentinel.com/2012-08-29/news/os-george-zimmerman-appeals-ruling-lester-20120829_1_george-zimmerman-trayvon-martin-mark-o-mara:
articles.orlandosentinel.com

http://articles.orlandosentinel.com/2012-08-31/news/os-george-zimmerman-new-judge-20120830_1_george-zimmerman-trayvon-martin-mark-o-mara:
articles.orlandosentinel.com

http://articles.orlandosentinel.com/2013-01-18/news/os-george-zimmerman-defense-records-20130118_1_zimmerman-attorneys-trayvon-martin-george-zimmerman:
articles.orlandosentinel.com

http://articles.orlandosentinel.com/2013-06-25/news/os-george-zimmerman-trial-day-12-20130625_1_trayvon-martin-sybrina-fulton-george-zimmerman:
articles.orlandosentinel.com

http://articles.orlandosentinel.com/2013-07-08/news/os-george-zimmerman-trial-day-20-20130708_1_george-zimmerman-trayvon-martin-mark-o-mara:
articles.orlandosentinel.com

http://articles.orlandosentinel.com/2012-03-14/news/os-trayvon-martin-shooting-death-rally-20120314_1_demand-justice-fatal-shooting-bryant:
articles.orlandosentinel.com

http://articles.orlandosentinel.com/2012-03-20/news/os-trayvon-martin-george-zimmerman-20120320_1_robert-zimmerman-domestic-violence-online-petition:
articles.orlandosentinel.com

http://articles.orlandosentinel.com/2013-02-16/entertainment/os-george-zimmerman-sanford-bill-maher-20130216_1_george-zimmerman-trayvon-martin-robert-zimmerman:
articles.orlandosentinel.com

http://articles.orlandosentinel.com/2012-03-08/news/os-teen-shooting-killed-sanford-police-20120308_1_shooting-police-headquarters-investigation-next-week:
articles.orlandosentinel.com

http://articles.orlandosentinel.com/2012-03-14/news/os-trayvon-martin-shooting-death-rally-20120314_1_demand-justice-fatal-shooting-bryant:
articles.orlandosentinel.com

http://articles.orlandosentinel.com/2012-03-17/news/os-trayvon-martin-shooting-911-call-20120316_1_deadly-shooting-shot-man-reports:
articles.orlandosentinel.com

http://articles.orlandosentinel.com/2012-03-17/news/os-trayvon-martin-shooting-tension-20120317_1_shooting-death-english-teacher-uncle:
articles.orlandosentinel.com

http://articles.orlandosentinel.com/2012-03-20/news/os-trayvon-martin-doj-investigation-20120320_1_grand-jury-investigation-sanford:
articles.orlandosentinel.com

http://articles.orlandosentinel.com/2012-03-22/news/os-trayvon-martin-sanford-chief-20120322_1_chief-bill-lee-miami-teenager-investigation:
articles.orlandosentinel.com

http://articles.orlandosentinel.com/2012-03-24/news/os-trayvon-martin-neighborhood-watch-20120321_1_zimmerman-community-ties-neighborhood-watch:
articles.orlandosentinel.com

http://articles.orlandosentinel.com/2012-03-26/news/os-trayvon-martin-zimmerman-account-20120326_1_arizona-iced-tea-suv-unarmed-black-teenager:
articles.orlandosentinel.com

http://articles.orlandosentinel.com/2012-03-26/news/os-trayvon-martin-zimmerman-account-20120326_1_miami-schools-punch-unarmed-black-teenager:
articles.orlandosentinel.com

http://articles.orlandosentinel.com/2012-03-27/news/os-trayvon-martin-wrong-zimmerman-20120327_1_tweets-heart-condition-twitter:
articles.orlandosentinel.com

http://articles.orlandosentinel.com/2012-04-02/news/os-trayvon-martin-federal-review-justice-letter-20120402_1_chief-bill-lee-federal-review-federal-agency:
articles.orlandosentinel.com

http://articles.orlandosentinel.com/2012-04-06/news/os-trayvon-martin-benjamin-crump-20120406_1_bay-county-boot-camp-martin-lee-anderson-anderson-case:
articles.orlandosentinel.com

http://articles.orlandosentinel.com/2012-04-12/news/os-trayvon-martin-george-zimmerman-charged-jail-20120412_1_face-murder-charges-today-show-accident:
articles.orlandosentinel.com

http://articles.orlandosentinel.com/2012-04-20/news/os-george-zimmerman-bond-hearing-20120420_1_special-prosecutor-angela-corey-robert-zimmerman-soni:
articles.orlandosentinel.com

http://articles.orlandosentinel.com/2012-05-17/news/os-george-zimmerman-evidence-released-20120517_1_special-prosecutor-angela-corey-new-evidence-documents/2:
articles.orlandosentinel.com

http://articles.orlandosentinel.com/2012-05-22/news/os-george-zimmerman-key-witnesses-20120522_1_witnesses-change-shooting-fdle-agent:
articles.orlandosentinel.com

http://articles.orlandosentinel.com/2012-06-06/news/os-george-zimmerman-dershowitz-corey-20120606_1_alan-dershowitz-murder-charge-sanford-shooting:
articles.orlandosentinel.com

http://articles.orlandosentinel.com/2012-07-07/news/os-george-zimmerman-sanford-police-lied-20120707_1_special-prosecutor-angela-corey-chief-bill-lee-arrest-warrant:
articles.orlandosentinel.com

http://articles.orlandosentinel.com/2012-07-18/news/os-george-zimmerman-sean-hannity-20120718_1_trayvon-martin-george-zimmerman-mark-o-mara:
articles.orlandosentinel.com

http://articles.orlandosentinel.com/2012-07-19/news/os-george-zimmerman-interview-react-20120719_1_trayvon-martin-special-prosecutor-angela-corey-george-zimmerman:
articles.orlandosentinel.com

http://articles.orlandosentinel.com/2012-08-17/news/os-trayvon-martin-autopsy-20120817_1_trayvon-martin-george-zimmerman-blood-loss:
articles.orlandosentinel.com

http://articles.orlandosentinel.com/2012-10-13/news/os-trayvon-george-zimmerman-hispanic-identity-20121013_1_trayvon-martin-investigator-chris-serino-george-michael-zimmerman:
articles.orlandosentinel.com

http://articles.orlandosentinel.com/2013-02-19/news/os-shellie-zimmerman-dismissal-hearing-20130219_1_shellie-zimmerman-george-zimmerman-special-prosecutor-angela-corey:
articles.orlandosentinel.com

http://articles.orlandosentinel.com/2013-03-05/news/os-zimmerman-witness-8-medical-records-20130305_1_george-zimmerman-trayvon-martin-bernie-de-la-rionda:
articles.orlandosentinel.com

http://articles.orlandosentinel.com/2013-03-05/news/os-zimmerman-witness-8-medical-records-20130305_1_george-zimmerman-trayvon-martin-bernie-de-la-rionda:
articles.orlandosentinel.com

http://articles.orlandosentinel.com/2013-04-05/news/os-trayvon-martin-settlement-20130405_1_trayvon-martin-benjamin-crump-george-zimmerman:
articles.orlandosentinel.com

http://blogs.orlandosentinel.com/news_politics/2012/03/brown-wilson-condemn-murder-of-trayvon-martin.html:
blogs.orlandosentinel.com

