http://articles.washingtonpost.com/2013-02-26/world/37310124_1_ballistic-missiles-scuds-aleppo:
articles.washingtonpost.com

http://articles.washingtonpost.com/2013-09-11/world/41972742_1_lethal-aid-syrian-rebels-chemical-weapons:
articles.washingtonpost.com

http://articles.washingtonpost.com/2013-09-18/world/42179489_1_rebel-group-islamic-state-rebel-supply-lines:
articles.washingtonpost.com

http://voices.washingtonpost.com/ezra-klein/2009/12/can_congress_cut_medicare_cost.html:
voices.washingtonpost.com

http://voices.washingtonpost.com/ezra-klein/2010/03/what_does_the_health-care_refo.html:
voices.washingtonpost.com

http://articles.washingtonpost.com/2013-07-24/local/40862410_1_bill-autonomy-referendum:
articles.washingtonpost.com

http://articles.washingtonpost.com/2013-10-01/local/42557073_1_government-shutdown-national-head-start-association-new-grants:
articles.washingtonpost.com

http://articles.washingtonpost.com/2013-10-02/politics/42608434_1_tea-party-efforts-automatic-spending-cuts-federal-shutdown:
articles.washingtonpost.com

http://apps.washingtonpost.com/g/page/national/first-direct-evidence-of-illegal-surveillance-found-by-the-fisa-court/393/:
apps.washingtonpost.com

http://apps.washingtonpost.com/g/page/national/first-direct-evidence-of-illegal-surveillance-found-by-the-fisa-court/393/:
apps.washingtonpost.com

http://apps.washingtonpost.com/g/page/national/fisa-court-documents-on-illegal-nsa-e-mail-collection-program/409/:
apps.washingtonpost.com

http://apps.washingtonpost.com/g/page/national/how-the-nsa-is-tracking-people-right-now/634/:
apps.washingtonpost.com

http://apps.washingtonpost.com/g/page/national/nsa-report-on-privacy-violations-in-the-first-quarter-of-2012/395/:
apps.washingtonpost.com

http://apps.washingtonpost.com/g/page/national/the-nsa-is-hacking-private-networks/542/:
apps.washingtonpost.com

http://apps.washingtonpost.com/g/page/national/what-to-say-and-not-to-say-to-our-overseers/390/#more:
apps.washingtonpost.com

http://apps.washingtonpost.com/g/page/national/whats-a-violation/391/:
apps.washingtonpost.com

http://apps.washingtonpost.com/g/page/world/a-description-of-the-penetrating-hard-targets-project/691/:
apps.washingtonpost.com

http://apps.washingtonpost.com/g/page/world/classifying-nsa-quantum-computing-efforts/692/:
apps.washingtonpost.com

http://apps.washingtonpost.com/g/page/world/federal-judge-rules-nsa-program-is-likely-unconstitutional/668/:
apps.washingtonpost.com

http://apps.washingtonpost.com/g/page/world/gchq-report-on-mullenize-program-to-stain-anonymous-electronic-traffic/502/:
apps.washingtonpost.com

http://apps.washingtonpost.com/g/page/world/ghostmachine-the-nsas-cloud-analytics-platform/644/:
apps.washingtonpost.com

http://apps.washingtonpost.com/g/page/world/how-the-nsa-pinpoints-a-mobile-device/645/#document/p2/a135576:
apps.washingtonpost.com

http://apps.washingtonpost.com/g/page/world/how-the-nsas-muscular-program-collects-too-much-data-from-yahoo-and-google/543/:
apps.washingtonpost.com

http://apps.washingtonpost.com/g/page/world/nsa-research-report-on-the-tor-encryption-program/501/:
apps.washingtonpost.com

http://apps.washingtonpost.com/g/page/world/nsa-slideshow-on-the-tor-problem/499/:
apps.washingtonpost.com

http://apps.washingtonpost.com/g/page/world/what-is-fascia/637/:
apps.washingtonpost.com

http://articles.washingtonpost.com/2013-06-06/news/39784046_1_prism-nsa-u-s-servers:
articles.washingtonpost.com

http://articles.washingtonpost.com/2013-06-18/world/40043402_1_plots-alexander-national-security-agency:
articles.washingtonpost.com

http://articles.washingtonpost.com/2013-05-05/lifestyle/39048050_1_russell-s-bike-path-bombs/3:
articles.washingtonpost.com

http://articles.washingtonpost.com/2013-03-20/national/37864118_1_atheists-and-believers-spiritual-leader-muslim-leaders:
articles.washingtonpost.com

http://articles.washingtonpost.com/2013-07-28/world/40859120_1_military-coup-popular-mandate-bedouin:
articles.washingtonpost.com

