http://abcnews.go.com/Blotter/edward-snowden-legal-apply-russian-asylum/story?id=19678502:
abcnews.go.com

http://abcnews.go.com/Blotter/nsa-leaker-edward-snowden-job-russia/story?id=20739729:
abcnews.go.com

http://abcnews.go.com/Blotter/us-fears-edward-snowden-defect-china-sources/story?id=19389672&amp;page=3:
abcnews.go.com

http://abcnews.go.com/Entertainment/wireStory/snowden-documentary-premiere-ny-festival-25541267:
abcnews.go.com

http://abcnews.go.com/International/wireStory/snowden-honored-alternative-nobel-25722895:
abcnews.go.com

http://abcnews.go.com/blogs/politics/2013/06/petition-to-pardon-snowden-to-receive-white-house-response/:
abcnews.go.com

http://abcnews.go.com/International/francis-latin-american-pope/story?id=18722276:
abcnews.go.com

http://abcnews.go.com/US/charleston-shooting-gunman-allegedly-survivor-inside-church/story?id=31872085:
abcnews.go.com

http://abcnews.go.com/US/charleston-shooting-gunman-allegedly-survivor-inside-church/story?id=31872085:
abcnews.go.com

http://abcnews.go.com/US/charleston-shooting-victims-identified/story?id=31863489:
abcnews.go.com

http://abcnews.go.com/US/dylann-roof-confessed-killing-people-charleston-church-source/story?id=31884893:
abcnews.go.com

http://abcnews.go.com/Sports/wireStory/tampa-bay-falls-short-loses-cup-game-shutout-31790484:
abcnews.go.com

http://abcnews.go.com/International/francis-latin-american-pope/story?id=18722276:
abcnews.go.com

http://abcnews.go.com/US/charleston-shooting-gunman-allegedly-survivor-inside-church/story?id=31872085:
abcnews.go.com

http://abcnews.go.com/US/charleston-shooting-gunman-allegedly-survivor-inside-church/story?id=31872085:
abcnews.go.com

http://abcnews.go.com/US/charleston-shooting-victims-identified/story?id=31863489:
abcnews.go.com

http://abcnews.go.com/US/dylann-roof-confessed-killing-people-charleston-church-source/story?id=31884893:
abcnews.go.com

http://abcnews.go.com/Sports/wireStory/tampa-bay-falls-short-loses-cup-game-shutout-31790484:
abcnews.go.com

http://abcnews.go.com/International/francis-latin-american-pope/story?id=18722276:
abcnews.go.com

http://abcnews.go.com/US/charleston-shooting-gunman-allegedly-survivor-inside-church/story?id=31872085:
abcnews.go.com

http://abcnews.go.com/US/charleston-shooting-gunman-allegedly-survivor-inside-church/story?id=31872085:
abcnews.go.com

http://abcnews.go.com/US/charleston-shooting-victims-identified/story?id=31863489:
abcnews.go.com

http://abcnews.go.com/US/dylann-roof-confessed-killing-people-charleston-church-source/story?id=31884893:
abcnews.go.com

http://abcnews.go.com/Sports/wireStory/tampa-bay-falls-short-loses-cup-game-shutout-31790484:
abcnews.go.com

http://abcnews.go.com/International/francis-latin-american-pope/story?id=18722276:
abcnews.go.com

http://abcnews.go.com/US/charleston-shooting-gunman-allegedly-survivor-inside-church/story?id=31872085:
abcnews.go.com

http://abcnews.go.com/US/charleston-shooting-gunman-allegedly-survivor-inside-church/story?id=31872085:
abcnews.go.com

http://abcnews.go.com/US/charleston-shooting-victims-identified/story?id=31863489:
abcnews.go.com

http://abcnews.go.com/US/dylann-roof-confessed-killing-people-charleston-church-source/story?id=31884893:
abcnews.go.com

http://abcnews.go.com/Sports/wireStory/tampa-bay-falls-short-loses-cup-game-shutout-31790484:
abcnews.go.com

http://abcnews.go.com/International/francis-latin-american-pope/story?id=18722276:
abcnews.go.com

http://abcnews.go.com/US/charleston-shooting-gunman-allegedly-survivor-inside-church/story?id=31872085:
abcnews.go.com

http://abcnews.go.com/US/charleston-shooting-gunman-allegedly-survivor-inside-church/story?id=31872085:
abcnews.go.com

http://abcnews.go.com/US/charleston-shooting-victims-identified/story?id=31863489:
abcnews.go.com

http://abcnews.go.com/US/dylann-roof-confessed-killing-people-charleston-church-source/story?id=31884893:
abcnews.go.com

http://abcnews.go.com/Sports/wireStory/tampa-bay-falls-short-loses-cup-game-shutout-31790484:
abcnews.go.com

http://abcnews.go.com/International/francis-latin-american-pope/story?id=18722276:
abcnews.go.com

http://abcnews.go.com/US/charleston-shooting-gunman-allegedly-survivor-inside-church/story?id=31872085:
abcnews.go.com

http://abcnews.go.com/US/charleston-shooting-gunman-allegedly-survivor-inside-church/story?id=31872085:
abcnews.go.com

http://abcnews.go.com/US/charleston-shooting-victims-identified/story?id=31863489:
abcnews.go.com

http://abcnews.go.com/US/dylann-roof-confessed-killing-people-charleston-church-source/story?id=31884893:
abcnews.go.com

http://abcnews.go.com/Sports/wireStory/tampa-bay-falls-short-loses-cup-game-shutout-31790484:
abcnews.go.com

http://abcnews.go.com/International/francis-latin-american-pope/story?id=18722276:
abcnews.go.com

http://abcnews.go.com/US/charleston-shooting-gunman-allegedly-survivor-inside-church/story?id=31872085:
abcnews.go.com

http://abcnews.go.com/US/charleston-shooting-gunman-allegedly-survivor-inside-church/story?id=31872085:
abcnews.go.com

http://abcnews.go.com/US/charleston-shooting-victims-identified/story?id=31863489:
abcnews.go.com

http://abcnews.go.com/US/dylann-roof-confessed-killing-people-charleston-church-source/story?id=31884893:
abcnews.go.com

http://abcnews.go.com/Sports/wireStory/tampa-bay-falls-short-loses-cup-game-shutout-31790484:
abcnews.go.com

http://abcnews.go.com/International/francis-latin-american-pope/story?id=18722276:
abcnews.go.com

http://abcnews.go.com/US/charleston-shooting-gunman-allegedly-survivor-inside-church/story?id=31872085:
abcnews.go.com

http://abcnews.go.com/US/charleston-shooting-gunman-allegedly-survivor-inside-church/story?id=31872085:
abcnews.go.com

http://abcnews.go.com/US/charleston-shooting-victims-identified/story?id=31863489:
abcnews.go.com

http://abcnews.go.com/US/dylann-roof-confessed-killing-people-charleston-church-source/story?id=31884893:
abcnews.go.com

http://abcnews.go.com/Sports/wireStory/tampa-bay-falls-short-loses-cup-game-shutout-31790484:
abcnews.go.com

http://abcnews.go.com/International/francis-latin-american-pope/story?id=18722276:
abcnews.go.com

http://abcnews.go.com/US/charleston-shooting-gunman-allegedly-survivor-inside-church/story?id=31872085:
abcnews.go.com

http://abcnews.go.com/US/charleston-shooting-gunman-allegedly-survivor-inside-church/story?id=31872085:
abcnews.go.com

http://abcnews.go.com/US/charleston-shooting-victims-identified/story?id=31863489:
abcnews.go.com

http://abcnews.go.com/US/dylann-roof-confessed-killing-people-charleston-church-source/story?id=31884893:
abcnews.go.com

http://abcnews.go.com/Sports/wireStory/tampa-bay-falls-short-loses-cup-game-shutout-31790484:
abcnews.go.com

http://abcnews.go.com/International/francis-latin-american-pope/story?id=18722276:
abcnews.go.com

http://abcnews.go.com/US/charleston-shooting-gunman-allegedly-survivor-inside-church/story?id=31872085:
abcnews.go.com

http://abcnews.go.com/US/charleston-shooting-gunman-allegedly-survivor-inside-church/story?id=31872085:
abcnews.go.com

http://abcnews.go.com/US/charleston-shooting-victims-identified/story?id=31863489:
abcnews.go.com

http://abcnews.go.com/US/dylann-roof-confessed-killing-people-charleston-church-source/story?id=31884893:
abcnews.go.com

http://abcnews.go.com/Sports/wireStory/tampa-bay-falls-short-loses-cup-game-shutout-31790484:
abcnews.go.com

