http://news.bbc.co.uk/2/shared/bsp/hi/pdfs/26_07_13_attorney_general_letter_to_russian_justice_minister.pdf:
news.bbc.co.uk

http://www.bbc.co.uk/news/uk-23898580:
bbc.co.uk

http://www.bbc.co.uk/news/uk-scotland-glasgow-west-25830364:
bbc.co.uk

http://www.bbc.co.uk/news/uk-scotland-glasgow-west-26243567:
bbc.co.uk

http://www.bbc.co.uk/news/uk-scotland-glasgow-west-26243567:
bbc.co.uk

http://www.bbc.co.uk/news/world-europe-23328074:
bbc.co.uk

http://www.bbc.co.uk/news/world-europe-23468459:
bbc.co.uk

http://www.bbc.co.uk/news/world-latin-america-23201767:
bbc.co.uk

http://www.bbc.co.uk/news/world-us-canada-22837100:
bbc.co.uk

http://www.bbc.co.uk/news/world-us-canada-23084166:
bbc.co.uk

http://www.bbc.co.uk/sport/0/golf/27015240:
bbc.co.uk

http://www.bbc.co.uk/sport/0/golf/30373019:
bbc.co.uk

http://www.bbc.co.uk/sport/live/golf/26674230:
bbc.co.uk

http://news.bbc.co.uk/2/hi/americas/1481313.stm:
news.bbc.co.uk

http://www.bbc.co.uk/news/uk-27060172:
bbc.co.uk

http://www.bbc.co.uk/news/world-europe-21794798:
bbc.co.uk

http://www.bbc.co.uk/news/world-europe-21812545:
bbc.co.uk

http://www.bbc.co.uk/news/world-europe-21812545:
bbc.co.uk

http://www.bbc.co.uk/news/world-europe-21839069:
bbc.co.uk

http://www.bbc.co.uk/news/world-europe-22551125:
bbc.co.uk

http://www.bbc.co.uk/news/world-europe-23094320:
bbc.co.uk

http://www.bbc.co.uk/news/world-europe-23489702:
bbc.co.uk

http://www.bbc.co.uk/news/world-europe-24166434:
bbc.co.uk

http://www.bbc.co.uk/news/science-environment-15721263:
bbc.co.uk

http://www.bbc.co.uk/news/world-europe-33125879:
bbc.co.uk

http://www.bbc.co.uk/news/world-europe-33166224:
bbc.co.uk

http://www.bbc.co.uk/news/world-europe-33125879:
bbc.co.uk

http://news.bbc.co.uk/sport2/hi/football/africa/9410484.stm:
news.bbc.co.uk

http://www.bbc.co.uk/sport/0/football/31702679:
bbc.co.uk

http://www.bbc.co.uk/sport/0/football/32628063:
bbc.co.uk

http://news.bbc.co.uk/sport2/shared/spl/hi/tv_and_radio/02/sport_personality/past_winners/html/1964.stm:
news.bbc.co.uk

http://www.bbc.co.uk/sport/0/golf/27015240:
bbc.co.uk

http://www.bbc.co.uk/sport/0/golf/30373019:
bbc.co.uk

http://www.bbc.co.uk/sport/live/golf/26674230:
bbc.co.uk

http://news.bbc.co.uk/2/hi/americas/1481313.stm:
news.bbc.co.uk

http://www.bbc.co.uk/news/uk-27060172:
bbc.co.uk

http://www.bbc.co.uk/news/world-europe-21794798:
bbc.co.uk

http://www.bbc.co.uk/news/world-europe-21812545:
bbc.co.uk

http://www.bbc.co.uk/news/world-europe-21812545:
bbc.co.uk

http://www.bbc.co.uk/news/world-europe-21839069:
bbc.co.uk

http://www.bbc.co.uk/news/world-europe-22551125:
bbc.co.uk

http://www.bbc.co.uk/news/world-europe-23094320:
bbc.co.uk

http://www.bbc.co.uk/news/world-europe-23489702:
bbc.co.uk

http://www.bbc.co.uk/news/world-europe-24166434:
bbc.co.uk

http://www.bbc.co.uk/news/science-environment-15721263:
bbc.co.uk

http://www.bbc.co.uk/news/world-europe-33125879:
bbc.co.uk

http://www.bbc.co.uk/news/world-europe-33166224:
bbc.co.uk

http://www.bbc.co.uk/news/world-europe-33125879:
bbc.co.uk

http://news.bbc.co.uk/sport2/hi/football/africa/9410484.stm:
news.bbc.co.uk

http://www.bbc.co.uk/sport/0/football/31702679:
bbc.co.uk

http://www.bbc.co.uk/sport/0/football/32628063:
bbc.co.uk

http://news.bbc.co.uk/sport2/shared/spl/hi/tv_and_radio/02/sport_personality/past_winners/html/1964.stm:
news.bbc.co.uk

http://www.bbc.co.uk/sport/0/golf/27015240:
bbc.co.uk

http://www.bbc.co.uk/sport/0/golf/30373019:
bbc.co.uk

http://www.bbc.co.uk/sport/live/golf/26674230:
bbc.co.uk

http://news.bbc.co.uk/2/hi/americas/1481313.stm:
news.bbc.co.uk

http://www.bbc.co.uk/news/uk-27060172:
bbc.co.uk

http://www.bbc.co.uk/news/world-europe-21794798:
bbc.co.uk

http://www.bbc.co.uk/news/world-europe-21812545:
bbc.co.uk

http://www.bbc.co.uk/news/world-europe-21812545:
bbc.co.uk

http://www.bbc.co.uk/news/world-europe-21839069:
bbc.co.uk

http://www.bbc.co.uk/news/world-europe-22551125:
bbc.co.uk

http://www.bbc.co.uk/news/world-europe-23094320:
bbc.co.uk

http://www.bbc.co.uk/news/world-europe-23489702:
bbc.co.uk

http://www.bbc.co.uk/news/world-europe-24166434:
bbc.co.uk

http://www.bbc.co.uk/news/science-environment-15721263:
bbc.co.uk

http://www.bbc.co.uk/news/world-europe-33125879:
bbc.co.uk

http://www.bbc.co.uk/news/world-europe-33166224:
bbc.co.uk

http://www.bbc.co.uk/news/world-europe-33125879:
bbc.co.uk

http://news.bbc.co.uk/sport2/hi/football/africa/9410484.stm:
news.bbc.co.uk

http://www.bbc.co.uk/sport/0/football/31702679:
bbc.co.uk

http://www.bbc.co.uk/sport/0/football/32628063:
bbc.co.uk

http://news.bbc.co.uk/sport2/shared/spl/hi/tv_and_radio/02/sport_personality/past_winners/html/1964.stm:
news.bbc.co.uk

http://www.bbc.co.uk/sport/0/golf/27015240:
bbc.co.uk

http://www.bbc.co.uk/sport/0/golf/30373019:
bbc.co.uk

http://www.bbc.co.uk/sport/live/golf/26674230:
bbc.co.uk

http://news.bbc.co.uk/2/hi/americas/1481313.stm:
news.bbc.co.uk

http://www.bbc.co.uk/news/uk-27060172:
bbc.co.uk

http://www.bbc.co.uk/news/world-europe-21794798:
bbc.co.uk

http://www.bbc.co.uk/news/world-europe-21812545:
bbc.co.uk

http://www.bbc.co.uk/news/world-europe-21812545:
bbc.co.uk

http://www.bbc.co.uk/news/world-europe-21839069:
bbc.co.uk

http://www.bbc.co.uk/news/world-europe-22551125:
bbc.co.uk

http://www.bbc.co.uk/news/world-europe-23094320:
bbc.co.uk

http://www.bbc.co.uk/news/world-europe-23489702:
bbc.co.uk

http://www.bbc.co.uk/news/world-europe-24166434:
bbc.co.uk

http://www.bbc.co.uk/news/science-environment-15721263:
bbc.co.uk

http://news.bbc.co.uk/sport2/hi/football/africa/9410484.stm:
news.bbc.co.uk

http://www.bbc.co.uk/sport/0/football/31702679:
bbc.co.uk

http://www.bbc.co.uk/sport/0/football/32628063:
bbc.co.uk

http://news.bbc.co.uk/sport2/shared/spl/hi/tv_and_radio/02/sport_personality/past_winners/html/1964.stm:
news.bbc.co.uk

http://www.bbc.co.uk/sport/0/golf/27015240:
bbc.co.uk

http://www.bbc.co.uk/sport/0/golf/30373019:
bbc.co.uk

http://www.bbc.co.uk/sport/live/golf/26674230:
bbc.co.uk

http://news.bbc.co.uk/2/hi/americas/1481313.stm:
news.bbc.co.uk

http://www.bbc.co.uk/news/uk-27060172:
bbc.co.uk

http://www.bbc.co.uk/news/world-europe-21794798:
bbc.co.uk

http://www.bbc.co.uk/news/world-europe-21812545:
bbc.co.uk

http://www.bbc.co.uk/news/world-europe-21812545:
bbc.co.uk

http://www.bbc.co.uk/news/world-europe-21839069:
bbc.co.uk

http://www.bbc.co.uk/news/world-europe-22551125:
bbc.co.uk

http://www.bbc.co.uk/news/world-europe-23094320:
bbc.co.uk

http://www.bbc.co.uk/news/world-europe-23489702:
bbc.co.uk

http://www.bbc.co.uk/news/world-europe-24166434:
bbc.co.uk

http://www.bbc.co.uk/news/science-environment-15721263:
bbc.co.uk

http://news.bbc.co.uk/sport2/hi/football/africa/9410484.stm:
news.bbc.co.uk

http://www.bbc.co.uk/sport/0/football/31702679:
bbc.co.uk

http://www.bbc.co.uk/sport/0/football/32628063:
bbc.co.uk

http://news.bbc.co.uk/sport2/shared/spl/hi/tv_and_radio/02/sport_personality/past_winners/html/1964.stm:
news.bbc.co.uk

http://www.bbc.co.uk/sport/0/golf/27015240:
bbc.co.uk

http://www.bbc.co.uk/sport/0/golf/30373019:
bbc.co.uk

http://www.bbc.co.uk/sport/live/golf/26674230:
bbc.co.uk

http://news.bbc.co.uk/2/hi/americas/1481313.stm:
news.bbc.co.uk

http://www.bbc.co.uk/news/uk-27060172:
bbc.co.uk

http://www.bbc.co.uk/news/world-europe-21794798:
bbc.co.uk

http://www.bbc.co.uk/news/world-europe-21812545:
bbc.co.uk

http://www.bbc.co.uk/news/world-europe-21812545:
bbc.co.uk

http://www.bbc.co.uk/news/world-europe-21839069:
bbc.co.uk

http://www.bbc.co.uk/news/world-europe-22551125:
bbc.co.uk

http://www.bbc.co.uk/news/world-europe-23094320:
bbc.co.uk

http://www.bbc.co.uk/news/world-europe-23489702:
bbc.co.uk

http://www.bbc.co.uk/news/world-europe-24166434:
bbc.co.uk

http://www.bbc.co.uk/news/science-environment-15721263:
bbc.co.uk

http://news.bbc.co.uk/sport2/hi/football/africa/9410484.stm:
news.bbc.co.uk

http://www.bbc.co.uk/sport/0/football/31702679:
bbc.co.uk

http://www.bbc.co.uk/sport/0/football/32628063:
bbc.co.uk

http://news.bbc.co.uk/sport2/shared/spl/hi/tv_and_radio/02/sport_personality/past_winners/html/1964.stm:
news.bbc.co.uk

http://www.bbc.co.uk/sport/0/golf/27015240:
bbc.co.uk

http://www.bbc.co.uk/sport/0/golf/30373019:
bbc.co.uk

http://www.bbc.co.uk/sport/live/golf/26674230:
bbc.co.uk

http://news.bbc.co.uk/2/hi/americas/1481313.stm:
news.bbc.co.uk

http://www.bbc.co.uk/news/uk-27060172:
bbc.co.uk

http://www.bbc.co.uk/news/world-europe-21794798:
bbc.co.uk

http://www.bbc.co.uk/news/world-europe-21812545:
bbc.co.uk

http://www.bbc.co.uk/news/world-europe-21812545:
bbc.co.uk

http://www.bbc.co.uk/news/world-europe-21839069:
bbc.co.uk

http://www.bbc.co.uk/news/world-europe-22551125:
bbc.co.uk

http://www.bbc.co.uk/news/world-europe-23094320:
bbc.co.uk

http://www.bbc.co.uk/news/world-europe-23489702:
bbc.co.uk

http://www.bbc.co.uk/news/world-europe-24166434:
bbc.co.uk

http://www.bbc.co.uk/news/science-environment-15721263:
bbc.co.uk

http://news.bbc.co.uk/sport2/hi/football/africa/9410484.stm:
news.bbc.co.uk

http://www.bbc.co.uk/sport/0/football/31702679:
bbc.co.uk

http://www.bbc.co.uk/sport/0/football/32628063:
bbc.co.uk

http://news.bbc.co.uk/sport2/shared/spl/hi/tv_and_radio/02/sport_personality/past_winners/html/1964.stm:
news.bbc.co.uk

http://www.bbc.co.uk/sport/0/golf/27015240:
bbc.co.uk

http://www.bbc.co.uk/sport/0/golf/30373019:
bbc.co.uk

http://www.bbc.co.uk/sport/live/golf/26674230:
bbc.co.uk

http://news.bbc.co.uk/2/hi/americas/1481313.stm:
news.bbc.co.uk

http://www.bbc.co.uk/news/uk-27060172:
bbc.co.uk

http://www.bbc.co.uk/news/world-europe-21794798:
bbc.co.uk

http://www.bbc.co.uk/news/world-europe-21812545:
bbc.co.uk

http://www.bbc.co.uk/news/world-europe-21812545:
bbc.co.uk

http://www.bbc.co.uk/news/world-europe-21839069:
bbc.co.uk

http://www.bbc.co.uk/news/world-europe-22551125:
bbc.co.uk

http://www.bbc.co.uk/news/world-europe-23094320:
bbc.co.uk

http://www.bbc.co.uk/news/world-europe-23489702:
bbc.co.uk

http://www.bbc.co.uk/news/world-europe-24166434:
bbc.co.uk

http://www.bbc.co.uk/news/science-environment-15721263:
bbc.co.uk

http://news.bbc.co.uk/sport2/hi/football/africa/9410484.stm:
news.bbc.co.uk

http://www.bbc.co.uk/sport/0/football/31702679:
bbc.co.uk

http://www.bbc.co.uk/sport/0/football/32628063:
bbc.co.uk

http://news.bbc.co.uk/sport2/shared/spl/hi/tv_and_radio/02/sport_personality/past_winners/html/1964.stm:
news.bbc.co.uk

http://www.bbc.co.uk/sport/0/golf/27015240:
bbc.co.uk

http://www.bbc.co.uk/sport/0/golf/30373019:
bbc.co.uk

http://www.bbc.co.uk/sport/live/golf/26674230:
bbc.co.uk

http://news.bbc.co.uk/2/hi/americas/1481313.stm:
news.bbc.co.uk

http://www.bbc.co.uk/news/uk-27060172:
bbc.co.uk

http://www.bbc.co.uk/news/world-europe-21794798:
bbc.co.uk

http://www.bbc.co.uk/news/world-europe-21812545:
bbc.co.uk

http://www.bbc.co.uk/news/world-europe-21812545:
bbc.co.uk

http://www.bbc.co.uk/news/world-europe-21839069:
bbc.co.uk

http://www.bbc.co.uk/news/world-europe-22551125:
bbc.co.uk

http://www.bbc.co.uk/news/world-europe-23094320:
bbc.co.uk

http://www.bbc.co.uk/news/world-europe-23489702:
bbc.co.uk

http://www.bbc.co.uk/news/world-europe-24166434:
bbc.co.uk

http://www.bbc.co.uk/news/science-environment-15721263:
bbc.co.uk

http://news.bbc.co.uk/sport2/hi/football/africa/9410484.stm:
news.bbc.co.uk

http://www.bbc.co.uk/sport/0/football/31702679:
bbc.co.uk

http://www.bbc.co.uk/sport/0/football/32628063:
bbc.co.uk

http://news.bbc.co.uk/sport2/shared/spl/hi/tv_and_radio/02/sport_personality/past_winners/html/1964.stm:
news.bbc.co.uk

http://www.bbc.co.uk/sport/0/golf/27015240:
bbc.co.uk

http://www.bbc.co.uk/sport/0/golf/30373019:
bbc.co.uk

http://www.bbc.co.uk/sport/live/golf/26674230:
bbc.co.uk

http://news.bbc.co.uk/2/hi/americas/1481313.stm:
news.bbc.co.uk

http://www.bbc.co.uk/news/uk-27060172:
bbc.co.uk

http://www.bbc.co.uk/news/world-europe-21794798:
bbc.co.uk

http://www.bbc.co.uk/news/world-europe-21812545:
bbc.co.uk

http://www.bbc.co.uk/news/world-europe-21812545:
bbc.co.uk

http://www.bbc.co.uk/news/world-europe-21839069:
bbc.co.uk

http://www.bbc.co.uk/news/world-europe-22551125:
bbc.co.uk

http://www.bbc.co.uk/news/world-europe-23094320:
bbc.co.uk

http://www.bbc.co.uk/news/world-europe-23489702:
bbc.co.uk

http://www.bbc.co.uk/news/world-europe-24166434:
bbc.co.uk

http://www.bbc.co.uk/news/science-environment-15721263:
bbc.co.uk

http://news.bbc.co.uk/sport2/hi/football/africa/9410484.stm:
news.bbc.co.uk

http://www.bbc.co.uk/sport/0/football/31702679:
bbc.co.uk

http://www.bbc.co.uk/sport/0/football/32628063:
bbc.co.uk

http://news.bbc.co.uk/sport2/shared/spl/hi/tv_and_radio/02/sport_personality/past_winners/html/1964.stm:
news.bbc.co.uk

