http://edition.cnn.com/2013/08/12/politics/obama-snowden-whistleblower:
edition.cnn.com

http://edition.cnn.com/2013/09/11/world/americas/brazil-nsa/:
edition.cnn.com

http://edition.cnn.com/2013/10/31/world/europe/russia-snowden-job/:
edition.cnn.com

http://edition.cnn.com/2013/12/17/world/americas/snowden-nsa-brazil-letter/:
edition.cnn.com

http://money.cnn.com/2015/04/06/media/edward-snowden-john-oliver-interview/index.html?source=yahoo_quote:
money.cnn.com

http://edition.cnn.com/2015/06/21/asia/pakistan-heat-wave/:
edition.cnn.com

http://edition.cnn.com/2015/06/21/golf/golf-us-open-spieth/:
edition.cnn.com

http://edition.cnn.com/2013/11/27/world/americas/argentina-pope-francis-coin/index.html:
edition.cnn.com

http://edition.cnn.com/2014/12/02/world/europe/pope-modern-day-slavery/:
edition.cnn.com

http://edition.cnn.com/2015/05/10/europe/italy-raul-castro-pope-francis-meeting/:
edition.cnn.com

http://edition.cnn.com/2015/06/06/europe/bosnia-pope-francis-visit/index.html:
edition.cnn.com

http://money.cnn.com/gallery/leadership/2014/03/20/worlds-best-leaders.fortune/:
money.cnn.com

http://news.blogs.cnn.com/2013/03/13/cardinals-elect-new-pope/:
news.blogs.cnn.com

http://religion.blogs.cnn.com/2013/12/03/pope-i-was-once-a-bar-bouncer/:
religion.blogs.cnn.com

http://sportsillustrated.cnn.com/2009/hockey/nhl/07/06/blackhawks.nhlpa.ap/index.html:
sportsillustrated.cnn.com

http://sportsillustrated.cnn.com/hockey/2002/all_star/news/2002/02/02/khabibulin_allstar_st/:
sportsillustrated.cnn.com

http://edition.cnn.com/WORLD/europe/9907/01/france.cable.car.04/list.html:
edition.cnn.com

http://edition.cnn.com/2015/06/21/asia/pakistan-heat-wave/:
edition.cnn.com

http://edition.cnn.com/2015/06/21/golf/golf-us-open-spieth/:
edition.cnn.com

http://edition.cnn.com/2013/11/27/world/americas/argentina-pope-francis-coin/index.html:
edition.cnn.com

http://edition.cnn.com/2014/12/02/world/europe/pope-modern-day-slavery/:
edition.cnn.com

http://edition.cnn.com/2015/05/10/europe/italy-raul-castro-pope-francis-meeting/:
edition.cnn.com

http://edition.cnn.com/2015/06/06/europe/bosnia-pope-francis-visit/index.html:
edition.cnn.com

http://money.cnn.com/gallery/leadership/2014/03/20/worlds-best-leaders.fortune/:
money.cnn.com

http://news.blogs.cnn.com/2013/03/13/cardinals-elect-new-pope/:
news.blogs.cnn.com

http://religion.blogs.cnn.com/2013/12/03/pope-i-was-once-a-bar-bouncer/:
religion.blogs.cnn.com

http://sportsillustrated.cnn.com/2009/hockey/nhl/07/06/blackhawks.nhlpa.ap/index.html:
sportsillustrated.cnn.com

http://sportsillustrated.cnn.com/hockey/2002/all_star/news/2002/02/02/khabibulin_allstar_st/:
sportsillustrated.cnn.com

http://edition.cnn.com/WORLD/europe/9907/01/france.cable.car.04/list.html:
edition.cnn.com

http://edition.cnn.com/2015/06/21/asia/pakistan-heat-wave/:
edition.cnn.com

http://edition.cnn.com/2015/06/21/golf/golf-us-open-spieth/:
edition.cnn.com

http://edition.cnn.com/2013/11/27/world/americas/argentina-pope-francis-coin/index.html:
edition.cnn.com

http://edition.cnn.com/2014/12/02/world/europe/pope-modern-day-slavery/:
edition.cnn.com

http://edition.cnn.com/2015/05/10/europe/italy-raul-castro-pope-francis-meeting/:
edition.cnn.com

http://edition.cnn.com/2015/06/06/europe/bosnia-pope-francis-visit/index.html:
edition.cnn.com

http://money.cnn.com/gallery/leadership/2014/03/20/worlds-best-leaders.fortune/:
money.cnn.com

http://news.blogs.cnn.com/2013/03/13/cardinals-elect-new-pope/:
news.blogs.cnn.com

http://religion.blogs.cnn.com/2013/12/03/pope-i-was-once-a-bar-bouncer/:
religion.blogs.cnn.com

http://sportsillustrated.cnn.com/2009/hockey/nhl/07/06/blackhawks.nhlpa.ap/index.html:
sportsillustrated.cnn.com

http://sportsillustrated.cnn.com/hockey/2002/all_star/news/2002/02/02/khabibulin_allstar_st/:
sportsillustrated.cnn.com

http://edition.cnn.com/WORLD/europe/9907/01/france.cable.car.04/list.html:
edition.cnn.com

http://edition.cnn.com/2015/06/21/asia/pakistan-heat-wave/:
edition.cnn.com

http://edition.cnn.com/2015/06/21/golf/golf-us-open-spieth/:
edition.cnn.com

http://edition.cnn.com/2013/11/27/world/americas/argentina-pope-francis-coin/index.html:
edition.cnn.com

http://edition.cnn.com/2014/12/02/world/europe/pope-modern-day-slavery/:
edition.cnn.com

http://edition.cnn.com/2015/05/10/europe/italy-raul-castro-pope-francis-meeting/:
edition.cnn.com

http://edition.cnn.com/2015/06/06/europe/bosnia-pope-francis-visit/index.html:
edition.cnn.com

http://money.cnn.com/gallery/leadership/2014/03/20/worlds-best-leaders.fortune/:
money.cnn.com

http://news.blogs.cnn.com/2013/03/13/cardinals-elect-new-pope/:
news.blogs.cnn.com

http://religion.blogs.cnn.com/2013/12/03/pope-i-was-once-a-bar-bouncer/:
religion.blogs.cnn.com

http://sportsillustrated.cnn.com/2009/hockey/nhl/07/06/blackhawks.nhlpa.ap/index.html:
sportsillustrated.cnn.com

http://sportsillustrated.cnn.com/hockey/2002/all_star/news/2002/02/02/khabibulin_allstar_st/:
sportsillustrated.cnn.com

http://edition.cnn.com/2015/06/21/asia/pakistan-heat-wave/:
edition.cnn.com

http://edition.cnn.com/2015/06/21/golf/golf-us-open-spieth/:
edition.cnn.com

http://edition.cnn.com/2013/11/27/world/americas/argentina-pope-francis-coin/index.html:
edition.cnn.com

http://edition.cnn.com/2014/12/02/world/europe/pope-modern-day-slavery/:
edition.cnn.com

http://edition.cnn.com/2015/05/10/europe/italy-raul-castro-pope-francis-meeting/:
edition.cnn.com

http://edition.cnn.com/2015/06/06/europe/bosnia-pope-francis-visit/index.html:
edition.cnn.com

http://money.cnn.com/gallery/leadership/2014/03/20/worlds-best-leaders.fortune/:
money.cnn.com

http://news.blogs.cnn.com/2013/03/13/cardinals-elect-new-pope/:
news.blogs.cnn.com

http://religion.blogs.cnn.com/2013/12/03/pope-i-was-once-a-bar-bouncer/:
religion.blogs.cnn.com

http://sportsillustrated.cnn.com/2009/hockey/nhl/07/06/blackhawks.nhlpa.ap/index.html:
sportsillustrated.cnn.com

http://sportsillustrated.cnn.com/hockey/2002/all_star/news/2002/02/02/khabibulin_allstar_st/:
sportsillustrated.cnn.com

http://edition.cnn.com/2015/06/21/asia/pakistan-heat-wave/:
edition.cnn.com

http://edition.cnn.com/2015/06/21/golf/golf-us-open-spieth/:
edition.cnn.com

http://edition.cnn.com/2013/11/27/world/americas/argentina-pope-francis-coin/index.html:
edition.cnn.com

http://edition.cnn.com/2014/12/02/world/europe/pope-modern-day-slavery/:
edition.cnn.com

http://edition.cnn.com/2015/05/10/europe/italy-raul-castro-pope-francis-meeting/:
edition.cnn.com

http://edition.cnn.com/2015/06/06/europe/bosnia-pope-francis-visit/index.html:
edition.cnn.com

http://money.cnn.com/gallery/leadership/2014/03/20/worlds-best-leaders.fortune/:
money.cnn.com

http://news.blogs.cnn.com/2013/03/13/cardinals-elect-new-pope/:
news.blogs.cnn.com

http://religion.blogs.cnn.com/2013/12/03/pope-i-was-once-a-bar-bouncer/:
religion.blogs.cnn.com

http://sportsillustrated.cnn.com/2009/hockey/nhl/07/06/blackhawks.nhlpa.ap/index.html:
sportsillustrated.cnn.com

http://sportsillustrated.cnn.com/hockey/2002/all_star/news/2002/02/02/khabibulin_allstar_st/:
sportsillustrated.cnn.com

http://edition.cnn.com/2015/06/21/asia/pakistan-heat-wave/:
edition.cnn.com

http://edition.cnn.com/2015/06/21/golf/golf-us-open-spieth/:
edition.cnn.com

http://edition.cnn.com/2013/11/27/world/americas/argentina-pope-francis-coin/index.html:
edition.cnn.com

http://edition.cnn.com/2014/12/02/world/europe/pope-modern-day-slavery/:
edition.cnn.com

http://edition.cnn.com/2015/05/10/europe/italy-raul-castro-pope-francis-meeting/:
edition.cnn.com

http://edition.cnn.com/2015/06/06/europe/bosnia-pope-francis-visit/index.html:
edition.cnn.com

http://money.cnn.com/gallery/leadership/2014/03/20/worlds-best-leaders.fortune/:
money.cnn.com

http://news.blogs.cnn.com/2013/03/13/cardinals-elect-new-pope/:
news.blogs.cnn.com

http://religion.blogs.cnn.com/2013/12/03/pope-i-was-once-a-bar-bouncer/:
religion.blogs.cnn.com

http://sportsillustrated.cnn.com/2009/hockey/nhl/07/06/blackhawks.nhlpa.ap/index.html:
sportsillustrated.cnn.com

http://sportsillustrated.cnn.com/hockey/2002/all_star/news/2002/02/02/khabibulin_allstar_st/:
sportsillustrated.cnn.com

http://edition.cnn.com/2015/06/21/asia/pakistan-heat-wave/:
edition.cnn.com

http://edition.cnn.com/2015/06/21/golf/golf-us-open-spieth/:
edition.cnn.com

http://edition.cnn.com/2013/11/27/world/americas/argentina-pope-francis-coin/index.html:
edition.cnn.com

http://edition.cnn.com/2014/12/02/world/europe/pope-modern-day-slavery/:
edition.cnn.com

http://edition.cnn.com/2015/05/10/europe/italy-raul-castro-pope-francis-meeting/:
edition.cnn.com

http://edition.cnn.com/2015/06/06/europe/bosnia-pope-francis-visit/index.html:
edition.cnn.com

http://money.cnn.com/gallery/leadership/2014/03/20/worlds-best-leaders.fortune/:
money.cnn.com

http://news.blogs.cnn.com/2013/03/13/cardinals-elect-new-pope/:
news.blogs.cnn.com

http://religion.blogs.cnn.com/2013/12/03/pope-i-was-once-a-bar-bouncer/:
religion.blogs.cnn.com

http://sportsillustrated.cnn.com/2009/hockey/nhl/07/06/blackhawks.nhlpa.ap/index.html:
sportsillustrated.cnn.com

http://sportsillustrated.cnn.com/hockey/2002/all_star/news/2002/02/02/khabibulin_allstar_st/:
sportsillustrated.cnn.com

http://edition.cnn.com/2015/06/21/asia/pakistan-heat-wave/:
edition.cnn.com

http://edition.cnn.com/2015/06/21/golf/golf-us-open-spieth/:
edition.cnn.com

http://edition.cnn.com/2013/11/27/world/americas/argentina-pope-francis-coin/index.html:
edition.cnn.com

http://edition.cnn.com/2014/12/02/world/europe/pope-modern-day-slavery/:
edition.cnn.com

http://edition.cnn.com/2015/05/10/europe/italy-raul-castro-pope-francis-meeting/:
edition.cnn.com

http://edition.cnn.com/2015/06/06/europe/bosnia-pope-francis-visit/index.html:
edition.cnn.com

http://money.cnn.com/gallery/leadership/2014/03/20/worlds-best-leaders.fortune/:
money.cnn.com

http://news.blogs.cnn.com/2013/03/13/cardinals-elect-new-pope/:
news.blogs.cnn.com

http://religion.blogs.cnn.com/2013/12/03/pope-i-was-once-a-bar-bouncer/:
religion.blogs.cnn.com

http://sportsillustrated.cnn.com/2009/hockey/nhl/07/06/blackhawks.nhlpa.ap/index.html:
sportsillustrated.cnn.com

http://sportsillustrated.cnn.com/hockey/2002/all_star/news/2002/02/02/khabibulin_allstar_st/:
sportsillustrated.cnn.com

http://edition.cnn.com/2015/06/21/asia/pakistan-heat-wave/:
edition.cnn.com

http://edition.cnn.com/2015/06/21/golf/golf-us-open-spieth/:
edition.cnn.com

http://edition.cnn.com/2013/11/27/world/americas/argentina-pope-francis-coin/index.html:
edition.cnn.com

http://edition.cnn.com/2014/12/02/world/europe/pope-modern-day-slavery/:
edition.cnn.com

http://edition.cnn.com/2015/05/10/europe/italy-raul-castro-pope-francis-meeting/:
edition.cnn.com

http://edition.cnn.com/2015/06/06/europe/bosnia-pope-francis-visit/index.html:
edition.cnn.com

http://money.cnn.com/gallery/leadership/2014/03/20/worlds-best-leaders.fortune/:
money.cnn.com

http://news.blogs.cnn.com/2013/03/13/cardinals-elect-new-pope/:
news.blogs.cnn.com

http://religion.blogs.cnn.com/2013/12/03/pope-i-was-once-a-bar-bouncer/:
religion.blogs.cnn.com

http://sportsillustrated.cnn.com/2009/hockey/nhl/07/06/blackhawks.nhlpa.ap/index.html:
sportsillustrated.cnn.com

http://sportsillustrated.cnn.com/hockey/2002/all_star/news/2002/02/02/khabibulin_allstar_st/:
sportsillustrated.cnn.com

