http://www.guardian.co.uk/commentisfree/2013/jun/10/edward-snowden-united-stasi-america:
guardian.co.uk

http://www.guardian.co.uk/world/2013/jul/01/us-military-blocks-guardian-troops:
guardian.co.uk

http://www.guardian.co.uk/world/2013/jul/02/ecuador-rafael-correa-snowden-mistake:
guardian.co.uk

http://www.guardian.co.uk/world/2013/jun/06/us-tech-giants-nsa-data:
guardian.co.uk

http://www.guardian.co.uk/world/2013/jun/08/nsa-boundless-informant-global-datamining:
guardian.co.uk

http://www.guardian.co.uk/world/2013/jun/09/edward-snowden-nsa-whistleblower-surveillance:
guardian.co.uk

http://www.guardian.co.uk/world/2013/jun/09/nsa-whistleblower-edward-snowden-why:
guardian.co.uk

http://www.guardian.co.uk/world/2013/jun/10/edward-snowden-army-special-forces:
guardian.co.uk

http://www.guardian.co.uk/world/2013/jun/11/edward-snowden-nsa-whistleblower-profile:
guardian.co.uk

http://www.guardian.co.uk/world/2013/jun/17/edward-snowden-nsa-files-whistleblower:
guardian.co.uk

http://www.guardian.co.uk/world/2013/jun/17/edward-snowden-nsa-files-whistleblower:
guardian.co.uk

http://www.guardian.co.uk/world/2013/jun/28/edward-snowden-ecuador-julian-assange:
guardian.co.uk

http://www.guardian.co.uk/world/the-nsa-files:
guardian.co.uk

http://www.guardian.co.uk/world/video/2013/jun/09/nsa-whistleblower-edward-snowden-interview-video:
guardian.co.uk

http://www.theguardian.com/books/2014/may/20/edward-snowden-gets-graphic-biography-nsa-whistleblower:
theguardian.com

http://www.theguardian.com/commentisfree/2014/apr/18/vladimir-putin-surveillance-us-leaders-snowden:
theguardian.com

http://www.theguardian.com/uk-news/2013/dec/20/gchq-targeted-aid-agencies-german-government-eu-commissioner:
theguardian.com

http://www.theguardian.com/uk-news/2013/nov/01/gchq-europe-spy-agencies-mass-surveillance-snowden:
theguardian.com

http://www.theguardian.com/us-news/2015/apr/06/edward-snowden-statue-bust-brooklyn-park-covered:
theguardian.com

http://www.theguardian.com/us-news/2015/jun/14/russia-and-china-broke-into-snowden-files-to-identify-british-and-us-spies:
theguardian.com

http://www.theguardian.com/world/2013/aug/01/edward-snowden-airport-reading:
theguardian.com

http://www.theguardian.com/world/2013/aug/01/edward-snowden-asylum-us-disappointed:
theguardian.com

http://www.theguardian.com/world/2013/aug/13/white-house-james-clapper-nsa-surveillance-review:
theguardian.com

http://www.theguardian.com/world/2013/dec/17/merkel-compares-nsa-stasi-obama:
theguardian.com

http://www.theguardian.com/world/2013/jul/02/edward-snowden-nsa-asylum-application-list-countries:
theguardian.com

http://www.theguardian.com/world/2013/jul/02/edward-snowden-nsa-withdraws-asylum-russia-putin:
theguardian.com

http://www.theguardian.com/world/2013/jul/26/us-no-death-penalty-edward-snowden-russia:
theguardian.com

http://www.theguardian.com/world/2013/jul/31/nsa-top-secret-program-online-data:
theguardian.com

http://www.theguardian.com/world/2013/jun/06/nsa-phone-records-verizon-court-order:
theguardian.com

http://www.theguardian.com/world/2013/jun/10/edward-snowden-army-special-forces:
theguardian.com

http://www.theguardian.com/world/2013/oct/03/edward-snowden-files-john-lanchester:
theguardian.com

http://www.theguardian.com/world/2013/oct/12/edward-snowden-nsa-surveillance-wikileaks-videos:
theguardian.com

http://www.theguardian.com/world/2013/oct/21/snowden-leaks-france-us-envoy-nsa-surveillance:
theguardian.com

http://www.theguardian.com/world/2013/sep/05/nsa-gchq-encryption-codes-security:
theguardian.com

http://www.theguardian.com/world/2013/sep/09/nsa-spying-brazil-oil-petrobras:
theguardian.com

http://www.theguardian.com/world/2014/apr/11/journalists-nsa-guardian-polk-award-snowden:
theguardian.com

http://www.theguardian.com/world/2014/apr/18/edward-snowden-defends-decision-question-vladimir-putin-on-surveillance:
theguardian.com

http://www.theguardian.com/world/2014/feb/01/edward-snowden-intelligence-leak-nsa-contractor-extract:
theguardian.com

http://www.theguardian.com/world/2014/feb/18/edward-snowden-nsa-whistleblower-glasgow-university-rector:
theguardian.com

http://www.theguardian.com/world/2014/jan/01/snowden-affair-case-for-pardon-editorial:
theguardian.com

http://www.theguardian.com/world/2014/jan/09/edward-snowden-invited-testify-video-european-parliament-nsa-surveillance?CMP=twt_fd&amp;CMP=SOCxx2I2:
theguardian.com

http://www.theguardian.com/world/2014/jan/23/edward-snowden-nsa-plea-bargain-russia:
theguardian.com

http://www.theguardian.com/world/2014/jul/04/edward-snowden-legal-defence-hillary-clinton-interview:
theguardian.com

http://www.theguardian.com/world/2014/jul/13/edward-snowden-condemns-britain-emergency-surveillance-bill-nsa:
theguardian.com

http://www.theguardian.com/world/2014/jul/18/-sp-edward-snowden-interview-rusbridger-macaskill:
theguardian.com

http://www.theguardian.com/world/2014/jul/18/-sp-edward-snowden-nsa-whistleblower-interview-transcript:
theguardian.com

http://www.theguardian.com/world/2014/jun/10/edward-snowden-nsa-leaks-important-service-al-gore:
theguardian.com

http://www.theguardian.com/world/2014/jun/11/oliver-stone-film-edward-snowden:
theguardian.com

http://www.theguardian.com/world/live/2014/sep/15/kim-dotcom-accused-nz-government-of-mass-spying-live:
theguardian.com

http://www.theguardian.com/world/video/2014/jul/17/edward-snowden-video-interview:
theguardian.com

http://www.theguardian.com/environment/2015/apr/28/vatican-climate-change-summit-to-highlight-moral-duty-for-action:
theguardian.com

http://www.theguardian.com/environment/blog/live/2015/jun/18/pope-encyclical-climate-change-live-reaction-analysis#block-5582b62de4b0c09f64bfa923:
theguardian.com

http://www.theguardian.com/us-news/2015/jun/17/jeb-bush-joins-republican-backlash-pope-climate-change:
theguardian.com

http://www.theguardian.com/world/2015/jun/13/pope-francis-intervention-transforms-climate-change-debate:
theguardian.com

http://www.theguardian.com/sport/2014/nov/30/jordan-spieth-wins-australian-open:
theguardian.com

http://www.theguardian.com/sport/live/2015/jun/18/us-open-2015-first-round-live:
theguardian.com

http://www.theguardian.com/sport/live/2015/jun/19/us-open-2015-round-two-live:
theguardian.com

http://www.theguardian.com/sport/live/2015/jun/20/us-open-2015-third-round-live:
theguardian.com

http://www.theguardian.com/sport/live/2015/jun/21/us-open-2015-final-round-live:
theguardian.com

http://www.guardian.co.uk/commentisfree/2013/mar/14/the-pope-francis-i-know:
guardian.co.uk

http://www.guardian.co.uk/world/2001/dec/24/alexbellos:
guardian.co.uk

http://www.guardian.co.uk/world/2013/mar/13/jorge-mario-bergoglio-pope-poverty:
guardian.co.uk

http://www.guardian.co.uk/world/2013/mar/13/jorge-mario-bergoglio-pope-poverty:
guardian.co.uk

http://www.guardian.co.uk/world/2013/mar/13/new-pope-thirteen-key-facts:
guardian.co.uk

http://www.guardian.co.uk/world/2013/mar/14/pope-francis-first-day:
guardian.co.uk

http://www.guardian.co.uk/world/2013/mar/15/pope-francis-argentina-military-era:
guardian.co.uk

http://www.guardian.co.uk/world/2013/mar/21/pope-francis-argentinian-junta-priest:
guardian.co.uk

http://www.guardian.co.uk/world/2013/may/17/pope-francis-attacks-cult-money:
guardian.co.uk

http://www.theguardian.com/environment/2015/apr/28/vatican-climate-change-summit-to-highlight-moral-duty-for-action:
theguardian.com

http://www.theguardian.com/film/2013/dec/11/antonio-banderas-pope-francis-biopic:
theguardian.com

http://www.theguardian.com/world/2013/dec/15/pope-francis-defends-criticism-of-capitalism-not-marxist:
theguardian.com

http://www.theguardian.com/world/2013/jun/26/vatican-bank-pope-francis-commission:
theguardian.com

http://www.theguardian.com/world/2013/mar/19/pope-francis-argentina-1970s:
theguardian.com

http://www.theguardian.com/world/2013/mar/27/christina-fernandez-de-kirchner-pope-francis:
theguardian.com

http://www.theguardian.com/world/2013/may/01/bangladesh-factory-pope-slave-labour:
theguardian.com

http://www.theguardian.com/world/2014/aug/10/pope-francis-iraq-isis-islamic-state-religious-minorities-violence:
theguardian.com

http://www.theguardian.com/world/2014/dec/27/pope-francis-edict-climate-change-us-rightwing:
theguardian.com

http://www.theguardian.com/world/2014/jun/29/pope-francis-woman-from-rib-avoids-pledge-reform-catholic-church:
theguardian.com

http://www.theguardian.com/world/2014/mar/13/pope-francis-report-card:
theguardian.com

http://www.theguardian.com/us-news/2015/jun/21/charleston-shooting-senators-funeral-planned-amid-confederate-flag-protests:
theguardian.com

http://www.theguardian.com/commentisfree/2015/jun/18/terrorism-charleston-government-black-lives-matter:
theguardian.com

http://www.theguardian.com/us-news/2015/jun/20/dylann-roof-fbi-website-manifesto-charleston-shooting:
theguardian.com

http://www.theguardian.com/us-news/2015/jun/21/dylann-roof-manifesto-charlston-shootings-republicans:
theguardian.com

http://www.theguardian.com/us-news/2015/jun/22/scott-walker-republican-dylann-roof-manifesto:
theguardian.com

http://www.theguardian.com/us-news/live/2015/jun/18/charleston-church-shooting-reports-fatalities-suspect-large-latest-updates:
theguardian.com

http://www.theguardian.com/world/2015/jun/19/charleston-shooting-florist-debbie-dills-hailed-a-hero-after-tailing-suspects-car:
theguardian.com

http://www.theguardian.com/sport/2015/jun/05/nba-finals-2015-warriors-ignite-overtime-to-down-cavaliers:
theguardian.com

http://www.theguardian.com/sport/2015/jun/07/cleveland-cavaliers-strike-back-in-game-2-thriller-to-tie-nba-finals:
theguardian.com

http://www.theguardian.com/sport/live/2015/jun/14/nba-finals-2015-cleveland-cavaliers-v-golden-state-warriors-live:
theguardian.com

http://www.theguardian.com/sport/live/2015/jun/16/nba-finals-2015-golden-state-warriors-v-cleveland-cavaliers-game-6-live:
theguardian.com

http://www.theguardian.com/football/2015/may/30/womens-world-cup-canada-artificial-pitches:
theguardian.com

http://www.theguardian.com/music/2015/jun/22/gunther-schuller-pulitzer-winning-jazz-and-classical-musician-dies-aged-89:
theguardian.com

http://www.theguardian.com/sport/blog/2012/jun/22/50-olympic-stunning-moments-emil-zatopek:
theguardian.com

http://www.theguardian.com/sport/2014/nov/30/jordan-spieth-wins-australian-open:
theguardian.com

http://www.theguardian.com/sport/live/2015/jun/18/us-open-2015-first-round-live:
theguardian.com

http://www.theguardian.com/sport/live/2015/jun/19/us-open-2015-round-two-live:
theguardian.com

http://www.theguardian.com/sport/live/2015/jun/20/us-open-2015-third-round-live:
theguardian.com

http://www.theguardian.com/sport/live/2015/jun/21/us-open-2015-final-round-live:
theguardian.com

http://www.guardian.co.uk/commentisfree/2013/mar/14/the-pope-francis-i-know:
guardian.co.uk

http://www.guardian.co.uk/world/2001/dec/24/alexbellos:
guardian.co.uk

http://www.guardian.co.uk/world/2013/mar/13/jorge-mario-bergoglio-pope-poverty:
guardian.co.uk

http://www.guardian.co.uk/world/2013/mar/13/jorge-mario-bergoglio-pope-poverty:
guardian.co.uk

http://www.guardian.co.uk/world/2013/mar/13/new-pope-thirteen-key-facts:
guardian.co.uk

http://www.guardian.co.uk/world/2013/mar/14/pope-francis-first-day:
guardian.co.uk

http://www.guardian.co.uk/world/2013/mar/15/pope-francis-argentina-military-era:
guardian.co.uk

http://www.guardian.co.uk/world/2013/mar/21/pope-francis-argentinian-junta-priest:
guardian.co.uk

http://www.guardian.co.uk/world/2013/may/17/pope-francis-attacks-cult-money:
guardian.co.uk

http://www.theguardian.com/environment/2015/apr/28/vatican-climate-change-summit-to-highlight-moral-duty-for-action:
theguardian.com

http://www.theguardian.com/film/2013/dec/11/antonio-banderas-pope-francis-biopic:
theguardian.com

http://www.theguardian.com/world/2013/dec/15/pope-francis-defends-criticism-of-capitalism-not-marxist:
theguardian.com

http://www.theguardian.com/world/2013/jun/26/vatican-bank-pope-francis-commission:
theguardian.com

http://www.theguardian.com/world/2013/mar/19/pope-francis-argentina-1970s:
theguardian.com

http://www.theguardian.com/world/2013/mar/27/christina-fernandez-de-kirchner-pope-francis:
theguardian.com

http://www.theguardian.com/world/2013/may/01/bangladesh-factory-pope-slave-labour:
theguardian.com

http://www.theguardian.com/world/2014/aug/10/pope-francis-iraq-isis-islamic-state-religious-minorities-violence:
theguardian.com

http://www.theguardian.com/world/2014/dec/27/pope-francis-edict-climate-change-us-rightwing:
theguardian.com

http://www.theguardian.com/world/2014/jun/29/pope-francis-woman-from-rib-avoids-pledge-reform-catholic-church:
theguardian.com

http://www.theguardian.com/world/2014/mar/13/pope-francis-report-card:
theguardian.com

http://www.theguardian.com/us-news/2015/jun/21/charleston-shooting-senators-funeral-planned-amid-confederate-flag-protests:
theguardian.com

http://www.theguardian.com/commentisfree/2015/jun/18/terrorism-charleston-government-black-lives-matter:
theguardian.com

http://www.theguardian.com/us-news/2015/jun/20/dylann-roof-fbi-website-manifesto-charleston-shooting:
theguardian.com

http://www.theguardian.com/us-news/2015/jun/21/dylann-roof-manifesto-charlston-shootings-republicans:
theguardian.com

http://www.theguardian.com/us-news/2015/jun/22/scott-walker-republican-dylann-roof-manifesto:
theguardian.com

http://www.theguardian.com/us-news/live/2015/jun/18/charleston-church-shooting-reports-fatalities-suspect-large-latest-updates:
theguardian.com

http://www.theguardian.com/world/2015/jun/19/charleston-shooting-florist-debbie-dills-hailed-a-hero-after-tailing-suspects-car:
theguardian.com

http://www.theguardian.com/sport/2015/jun/05/nba-finals-2015-warriors-ignite-overtime-to-down-cavaliers:
theguardian.com

http://www.theguardian.com/sport/2015/jun/07/cleveland-cavaliers-strike-back-in-game-2-thriller-to-tie-nba-finals:
theguardian.com

http://www.theguardian.com/sport/live/2015/jun/14/nba-finals-2015-cleveland-cavaliers-v-golden-state-warriors-live:
theguardian.com

http://www.theguardian.com/sport/live/2015/jun/16/nba-finals-2015-golden-state-warriors-v-cleveland-cavaliers-game-6-live:
theguardian.com

http://www.theguardian.com/football/2015/may/30/womens-world-cup-canada-artificial-pitches:
theguardian.com

http://www.theguardian.com/music/2015/jun/22/gunther-schuller-pulitzer-winning-jazz-and-classical-musician-dies-aged-89:
theguardian.com

http://www.theguardian.com/sport/blog/2012/jun/22/50-olympic-stunning-moments-emil-zatopek:
theguardian.com

http://www.theguardian.com/sport/2014/nov/30/jordan-spieth-wins-australian-open:
theguardian.com

http://www.theguardian.com/sport/live/2015/jun/18/us-open-2015-first-round-live:
theguardian.com

http://www.theguardian.com/sport/live/2015/jun/19/us-open-2015-round-two-live:
theguardian.com

http://www.theguardian.com/sport/live/2015/jun/20/us-open-2015-third-round-live:
theguardian.com

http://www.theguardian.com/sport/live/2015/jun/21/us-open-2015-final-round-live:
theguardian.com

http://www.guardian.co.uk/commentisfree/2013/mar/14/the-pope-francis-i-know:
guardian.co.uk

http://www.guardian.co.uk/world/2001/dec/24/alexbellos:
guardian.co.uk

http://www.guardian.co.uk/world/2013/mar/13/jorge-mario-bergoglio-pope-poverty:
guardian.co.uk

http://www.guardian.co.uk/world/2013/mar/13/jorge-mario-bergoglio-pope-poverty:
guardian.co.uk

http://www.guardian.co.uk/world/2013/mar/13/new-pope-thirteen-key-facts:
guardian.co.uk

http://www.guardian.co.uk/world/2013/mar/14/pope-francis-first-day:
guardian.co.uk

http://www.guardian.co.uk/world/2013/mar/15/pope-francis-argentina-military-era:
guardian.co.uk

http://www.guardian.co.uk/world/2013/mar/21/pope-francis-argentinian-junta-priest:
guardian.co.uk

http://www.guardian.co.uk/world/2013/may/17/pope-francis-attacks-cult-money:
guardian.co.uk

http://www.theguardian.com/environment/2015/apr/28/vatican-climate-change-summit-to-highlight-moral-duty-for-action:
theguardian.com

http://www.theguardian.com/film/2013/dec/11/antonio-banderas-pope-francis-biopic:
theguardian.com

http://www.theguardian.com/world/2013/dec/15/pope-francis-defends-criticism-of-capitalism-not-marxist:
theguardian.com

http://www.theguardian.com/world/2013/jun/26/vatican-bank-pope-francis-commission:
theguardian.com

http://www.theguardian.com/world/2013/mar/19/pope-francis-argentina-1970s:
theguardian.com

http://www.theguardian.com/world/2013/mar/27/christina-fernandez-de-kirchner-pope-francis:
theguardian.com

http://www.theguardian.com/world/2013/may/01/bangladesh-factory-pope-slave-labour:
theguardian.com

http://www.theguardian.com/world/2014/aug/10/pope-francis-iraq-isis-islamic-state-religious-minorities-violence:
theguardian.com

http://www.theguardian.com/world/2014/dec/27/pope-francis-edict-climate-change-us-rightwing:
theguardian.com

http://www.theguardian.com/world/2014/jun/29/pope-francis-woman-from-rib-avoids-pledge-reform-catholic-church:
theguardian.com

http://www.theguardian.com/world/2014/mar/13/pope-francis-report-card:
theguardian.com

http://www.theguardian.com/us-news/2015/jun/21/charleston-shooting-senators-funeral-planned-amid-confederate-flag-protests:
theguardian.com

http://www.theguardian.com/commentisfree/2015/jun/18/terrorism-charleston-government-black-lives-matter:
theguardian.com

http://www.theguardian.com/us-news/2015/jun/20/dylann-roof-fbi-website-manifesto-charleston-shooting:
theguardian.com

http://www.theguardian.com/us-news/2015/jun/21/dylann-roof-manifesto-charlston-shootings-republicans:
theguardian.com

http://www.theguardian.com/us-news/2015/jun/22/scott-walker-republican-dylann-roof-manifesto:
theguardian.com

http://www.theguardian.com/us-news/live/2015/jun/18/charleston-church-shooting-reports-fatalities-suspect-large-latest-updates:
theguardian.com

http://www.theguardian.com/world/2015/jun/19/charleston-shooting-florist-debbie-dills-hailed-a-hero-after-tailing-suspects-car:
theguardian.com

http://www.theguardian.com/sport/2015/jun/05/nba-finals-2015-warriors-ignite-overtime-to-down-cavaliers:
theguardian.com

http://www.theguardian.com/sport/2015/jun/07/cleveland-cavaliers-strike-back-in-game-2-thriller-to-tie-nba-finals:
theguardian.com

http://www.theguardian.com/sport/live/2015/jun/14/nba-finals-2015-cleveland-cavaliers-v-golden-state-warriors-live:
theguardian.com

http://www.theguardian.com/sport/live/2015/jun/16/nba-finals-2015-golden-state-warriors-v-cleveland-cavaliers-game-6-live:
theguardian.com

http://www.theguardian.com/football/2015/may/30/womens-world-cup-canada-artificial-pitches:
theguardian.com

http://www.theguardian.com/music/2015/jun/22/gunther-schuller-pulitzer-winning-jazz-and-classical-musician-dies-aged-89:
theguardian.com

http://www.theguardian.com/sport/blog/2012/jun/22/50-olympic-stunning-moments-emil-zatopek:
theguardian.com

http://www.theguardian.com/sport/2014/nov/30/jordan-spieth-wins-australian-open:
theguardian.com

http://www.theguardian.com/sport/live/2015/jun/18/us-open-2015-first-round-live:
theguardian.com

http://www.theguardian.com/sport/live/2015/jun/19/us-open-2015-round-two-live:
theguardian.com

http://www.theguardian.com/sport/live/2015/jun/20/us-open-2015-third-round-live:
theguardian.com

http://www.theguardian.com/sport/live/2015/jun/21/us-open-2015-final-round-live:
theguardian.com

http://www.guardian.co.uk/commentisfree/2013/mar/14/the-pope-francis-i-know:
guardian.co.uk

http://www.guardian.co.uk/world/2001/dec/24/alexbellos:
guardian.co.uk

http://www.guardian.co.uk/world/2013/mar/13/jorge-mario-bergoglio-pope-poverty:
guardian.co.uk

http://www.guardian.co.uk/world/2013/mar/13/jorge-mario-bergoglio-pope-poverty:
guardian.co.uk

http://www.guardian.co.uk/world/2013/mar/13/new-pope-thirteen-key-facts:
guardian.co.uk

http://www.guardian.co.uk/world/2013/mar/14/pope-francis-first-day:
guardian.co.uk

http://www.guardian.co.uk/world/2013/mar/15/pope-francis-argentina-military-era:
guardian.co.uk

http://www.guardian.co.uk/world/2013/mar/21/pope-francis-argentinian-junta-priest:
guardian.co.uk

http://www.guardian.co.uk/world/2013/may/17/pope-francis-attacks-cult-money:
guardian.co.uk

http://www.theguardian.com/environment/2015/apr/28/vatican-climate-change-summit-to-highlight-moral-duty-for-action:
theguardian.com

http://www.theguardian.com/film/2013/dec/11/antonio-banderas-pope-francis-biopic:
theguardian.com

http://www.theguardian.com/world/2013/dec/15/pope-francis-defends-criticism-of-capitalism-not-marxist:
theguardian.com

http://www.theguardian.com/world/2013/jun/26/vatican-bank-pope-francis-commission:
theguardian.com

http://www.theguardian.com/world/2013/mar/19/pope-francis-argentina-1970s:
theguardian.com

http://www.theguardian.com/world/2013/mar/27/christina-fernandez-de-kirchner-pope-francis:
theguardian.com

http://www.theguardian.com/world/2013/may/01/bangladesh-factory-pope-slave-labour:
theguardian.com

http://www.theguardian.com/world/2014/aug/10/pope-francis-iraq-isis-islamic-state-religious-minorities-violence:
theguardian.com

http://www.theguardian.com/world/2014/dec/27/pope-francis-edict-climate-change-us-rightwing:
theguardian.com

http://www.theguardian.com/world/2014/jun/29/pope-francis-woman-from-rib-avoids-pledge-reform-catholic-church:
theguardian.com

http://www.theguardian.com/world/2014/mar/13/pope-francis-report-card:
theguardian.com

http://www.theguardian.com/environment/2015/apr/28/vatican-climate-change-summit-to-highlight-moral-duty-for-action:
theguardian.com

http://www.theguardian.com/environment/blog/live/2015/jun/18/pope-encyclical-climate-change-live-reaction-analysis#block-5582b62de4b0c09f64bfa923:
theguardian.com

http://www.theguardian.com/us-news/2015/jun/17/jeb-bush-joins-republican-backlash-pope-climate-change:
theguardian.com

http://www.theguardian.com/world/2015/jun/13/pope-francis-intervention-transforms-climate-change-debate:
theguardian.com

http://www.theguardian.com/us-news/2015/jun/21/charleston-shooting-senators-funeral-planned-amid-confederate-flag-protests:
theguardian.com

http://www.theguardian.com/commentisfree/2015/jun/18/terrorism-charleston-government-black-lives-matter:
theguardian.com

http://www.theguardian.com/us-news/2015/jun/20/dylann-roof-fbi-website-manifesto-charleston-shooting:
theguardian.com

http://www.theguardian.com/us-news/2015/jun/21/dylann-roof-manifesto-charlston-shootings-republicans:
theguardian.com

http://www.theguardian.com/us-news/2015/jun/22/scott-walker-republican-dylann-roof-manifesto:
theguardian.com

http://www.theguardian.com/us-news/live/2015/jun/18/charleston-church-shooting-reports-fatalities-suspect-large-latest-updates:
theguardian.com

http://www.theguardian.com/world/2015/jun/19/charleston-shooting-florist-debbie-dills-hailed-a-hero-after-tailing-suspects-car:
theguardian.com

http://www.theguardian.com/sport/2015/jun/05/nba-finals-2015-warriors-ignite-overtime-to-down-cavaliers:
theguardian.com

http://www.theguardian.com/sport/2015/jun/07/cleveland-cavaliers-strike-back-in-game-2-thriller-to-tie-nba-finals:
theguardian.com

http://www.theguardian.com/sport/live/2015/jun/14/nba-finals-2015-cleveland-cavaliers-v-golden-state-warriors-live:
theguardian.com

http://www.theguardian.com/sport/live/2015/jun/16/nba-finals-2015-golden-state-warriors-v-cleveland-cavaliers-game-6-live:
theguardian.com

http://www.theguardian.com/football/2015/may/30/womens-world-cup-canada-artificial-pitches:
theguardian.com

http://www.theguardian.com/music/2015/jun/22/gunther-schuller-pulitzer-winning-jazz-and-classical-musician-dies-aged-89:
theguardian.com

http://www.theguardian.com/sport/blog/2012/jun/22/50-olympic-stunning-moments-emil-zatopek:
theguardian.com

http://www.theguardian.com/sport/2014/nov/30/jordan-spieth-wins-australian-open:
theguardian.com

http://www.theguardian.com/sport/live/2015/jun/18/us-open-2015-first-round-live:
theguardian.com

http://www.theguardian.com/sport/live/2015/jun/19/us-open-2015-round-two-live:
theguardian.com

http://www.theguardian.com/sport/live/2015/jun/20/us-open-2015-third-round-live:
theguardian.com

http://www.theguardian.com/sport/live/2015/jun/21/us-open-2015-final-round-live:
theguardian.com

http://www.guardian.co.uk/commentisfree/2013/mar/14/the-pope-francis-i-know:
guardian.co.uk

http://www.guardian.co.uk/world/2001/dec/24/alexbellos:
guardian.co.uk

http://www.guardian.co.uk/world/2013/mar/13/jorge-mario-bergoglio-pope-poverty:
guardian.co.uk

http://www.guardian.co.uk/world/2013/mar/13/jorge-mario-bergoglio-pope-poverty:
guardian.co.uk

http://www.guardian.co.uk/world/2013/mar/13/new-pope-thirteen-key-facts:
guardian.co.uk

http://www.guardian.co.uk/world/2013/mar/14/pope-francis-first-day:
guardian.co.uk

http://www.guardian.co.uk/world/2013/mar/15/pope-francis-argentina-military-era:
guardian.co.uk

http://www.guardian.co.uk/world/2013/mar/21/pope-francis-argentinian-junta-priest:
guardian.co.uk

http://www.guardian.co.uk/world/2013/may/17/pope-francis-attacks-cult-money:
guardian.co.uk

http://www.theguardian.com/environment/2015/apr/28/vatican-climate-change-summit-to-highlight-moral-duty-for-action:
theguardian.com

http://www.theguardian.com/film/2013/dec/11/antonio-banderas-pope-francis-biopic:
theguardian.com

http://www.theguardian.com/world/2013/dec/15/pope-francis-defends-criticism-of-capitalism-not-marxist:
theguardian.com

http://www.theguardian.com/world/2013/jun/26/vatican-bank-pope-francis-commission:
theguardian.com

http://www.theguardian.com/world/2013/mar/19/pope-francis-argentina-1970s:
theguardian.com

http://www.theguardian.com/world/2013/mar/27/christina-fernandez-de-kirchner-pope-francis:
theguardian.com

http://www.theguardian.com/world/2013/may/01/bangladesh-factory-pope-slave-labour:
theguardian.com

http://www.theguardian.com/world/2014/aug/10/pope-francis-iraq-isis-islamic-state-religious-minorities-violence:
theguardian.com

http://www.theguardian.com/world/2014/dec/27/pope-francis-edict-climate-change-us-rightwing:
theguardian.com

http://www.theguardian.com/world/2014/jun/29/pope-francis-woman-from-rib-avoids-pledge-reform-catholic-church:
theguardian.com

http://www.theguardian.com/world/2014/mar/13/pope-francis-report-card:
theguardian.com

http://www.theguardian.com/environment/2015/apr/28/vatican-climate-change-summit-to-highlight-moral-duty-for-action:
theguardian.com

http://www.theguardian.com/environment/blog/live/2015/jun/18/pope-encyclical-climate-change-live-reaction-analysis#block-5582b62de4b0c09f64bfa923:
theguardian.com

http://www.theguardian.com/us-news/2015/jun/17/jeb-bush-joins-republican-backlash-pope-climate-change:
theguardian.com

http://www.theguardian.com/world/2015/jun/13/pope-francis-intervention-transforms-climate-change-debate:
theguardian.com

http://www.theguardian.com/us-news/2015/jun/21/charleston-shooting-senators-funeral-planned-amid-confederate-flag-protests:
theguardian.com

http://www.theguardian.com/commentisfree/2015/jun/18/terrorism-charleston-government-black-lives-matter:
theguardian.com

http://www.theguardian.com/us-news/2015/jun/20/dylann-roof-fbi-website-manifesto-charleston-shooting:
theguardian.com

http://www.theguardian.com/us-news/2015/jun/21/dylann-roof-manifesto-charlston-shootings-republicans:
theguardian.com

http://www.theguardian.com/us-news/2015/jun/22/scott-walker-republican-dylann-roof-manifesto:
theguardian.com

http://www.theguardian.com/us-news/live/2015/jun/18/charleston-church-shooting-reports-fatalities-suspect-large-latest-updates:
theguardian.com

http://www.theguardian.com/world/2015/jun/19/charleston-shooting-florist-debbie-dills-hailed-a-hero-after-tailing-suspects-car:
theguardian.com

http://www.theguardian.com/sport/2015/jun/05/nba-finals-2015-warriors-ignite-overtime-to-down-cavaliers:
theguardian.com

http://www.theguardian.com/sport/2015/jun/07/cleveland-cavaliers-strike-back-in-game-2-thriller-to-tie-nba-finals:
theguardian.com

http://www.theguardian.com/sport/live/2015/jun/14/nba-finals-2015-cleveland-cavaliers-v-golden-state-warriors-live:
theguardian.com

http://www.theguardian.com/sport/live/2015/jun/16/nba-finals-2015-golden-state-warriors-v-cleveland-cavaliers-game-6-live:
theguardian.com

http://www.theguardian.com/football/2015/may/30/womens-world-cup-canada-artificial-pitches:
theguardian.com

http://www.theguardian.com/music/2015/jun/22/gunther-schuller-pulitzer-winning-jazz-and-classical-musician-dies-aged-89:
theguardian.com

http://www.theguardian.com/sport/blog/2012/jun/22/50-olympic-stunning-moments-emil-zatopek:
theguardian.com

http://www.theguardian.com/sport/2014/nov/30/jordan-spieth-wins-australian-open:
theguardian.com

http://www.theguardian.com/sport/live/2015/jun/18/us-open-2015-first-round-live:
theguardian.com

http://www.theguardian.com/sport/live/2015/jun/19/us-open-2015-round-two-live:
theguardian.com

http://www.theguardian.com/sport/live/2015/jun/20/us-open-2015-third-round-live:
theguardian.com

http://www.theguardian.com/sport/live/2015/jun/21/us-open-2015-final-round-live:
theguardian.com

http://www.guardian.co.uk/commentisfree/2013/mar/14/the-pope-francis-i-know:
guardian.co.uk

http://www.guardian.co.uk/world/2001/dec/24/alexbellos:
guardian.co.uk

http://www.guardian.co.uk/world/2013/mar/13/jorge-mario-bergoglio-pope-poverty:
guardian.co.uk

http://www.guardian.co.uk/world/2013/mar/13/jorge-mario-bergoglio-pope-poverty:
guardian.co.uk

http://www.guardian.co.uk/world/2013/mar/13/new-pope-thirteen-key-facts:
guardian.co.uk

http://www.guardian.co.uk/world/2013/mar/14/pope-francis-first-day:
guardian.co.uk

http://www.guardian.co.uk/world/2013/mar/15/pope-francis-argentina-military-era:
guardian.co.uk

http://www.guardian.co.uk/world/2013/mar/21/pope-francis-argentinian-junta-priest:
guardian.co.uk

http://www.guardian.co.uk/world/2013/may/17/pope-francis-attacks-cult-money:
guardian.co.uk

http://www.theguardian.com/environment/2015/apr/28/vatican-climate-change-summit-to-highlight-moral-duty-for-action:
theguardian.com

http://www.theguardian.com/film/2013/dec/11/antonio-banderas-pope-francis-biopic:
theguardian.com

http://www.theguardian.com/world/2013/dec/15/pope-francis-defends-criticism-of-capitalism-not-marxist:
theguardian.com

http://www.theguardian.com/world/2013/jun/26/vatican-bank-pope-francis-commission:
theguardian.com

http://www.theguardian.com/world/2013/mar/19/pope-francis-argentina-1970s:
theguardian.com

http://www.theguardian.com/world/2013/mar/27/christina-fernandez-de-kirchner-pope-francis:
theguardian.com

http://www.theguardian.com/world/2013/may/01/bangladesh-factory-pope-slave-labour:
theguardian.com

http://www.theguardian.com/world/2014/aug/10/pope-francis-iraq-isis-islamic-state-religious-minorities-violence:
theguardian.com

http://www.theguardian.com/world/2014/dec/27/pope-francis-edict-climate-change-us-rightwing:
theguardian.com

http://www.theguardian.com/world/2014/jun/29/pope-francis-woman-from-rib-avoids-pledge-reform-catholic-church:
theguardian.com

http://www.theguardian.com/world/2014/mar/13/pope-francis-report-card:
theguardian.com

http://www.theguardian.com/environment/2015/apr/28/vatican-climate-change-summit-to-highlight-moral-duty-for-action:
theguardian.com

http://www.theguardian.com/environment/blog/live/2015/jun/18/pope-encyclical-climate-change-live-reaction-analysis#block-5582b62de4b0c09f64bfa923:
theguardian.com

http://www.theguardian.com/us-news/2015/jun/17/jeb-bush-joins-republican-backlash-pope-climate-change:
theguardian.com

http://www.theguardian.com/world/2015/jun/13/pope-francis-intervention-transforms-climate-change-debate:
theguardian.com

http://www.theguardian.com/us-news/2015/jun/21/charleston-shooting-senators-funeral-planned-amid-confederate-flag-protests:
theguardian.com

http://www.theguardian.com/commentisfree/2015/jun/18/terrorism-charleston-government-black-lives-matter:
theguardian.com

http://www.theguardian.com/us-news/2015/jun/20/dylann-roof-fbi-website-manifesto-charleston-shooting:
theguardian.com

http://www.theguardian.com/us-news/2015/jun/21/dylann-roof-manifesto-charlston-shootings-republicans:
theguardian.com

http://www.theguardian.com/us-news/2015/jun/22/scott-walker-republican-dylann-roof-manifesto:
theguardian.com

http://www.theguardian.com/us-news/live/2015/jun/18/charleston-church-shooting-reports-fatalities-suspect-large-latest-updates:
theguardian.com

http://www.theguardian.com/world/2015/jun/19/charleston-shooting-florist-debbie-dills-hailed-a-hero-after-tailing-suspects-car:
theguardian.com

http://www.theguardian.com/sport/2015/jun/05/nba-finals-2015-warriors-ignite-overtime-to-down-cavaliers:
theguardian.com

http://www.theguardian.com/sport/2015/jun/07/cleveland-cavaliers-strike-back-in-game-2-thriller-to-tie-nba-finals:
theguardian.com

http://www.theguardian.com/sport/live/2015/jun/14/nba-finals-2015-cleveland-cavaliers-v-golden-state-warriors-live:
theguardian.com

http://www.theguardian.com/sport/live/2015/jun/16/nba-finals-2015-golden-state-warriors-v-cleveland-cavaliers-game-6-live:
theguardian.com

http://www.theguardian.com/football/2015/may/30/womens-world-cup-canada-artificial-pitches:
theguardian.com

http://www.theguardian.com/music/2015/jun/22/gunther-schuller-pulitzer-winning-jazz-and-classical-musician-dies-aged-89:
theguardian.com

http://www.theguardian.com/sport/blog/2012/jun/22/50-olympic-stunning-moments-emil-zatopek:
theguardian.com

http://www.theguardian.com/sport/2014/nov/30/jordan-spieth-wins-australian-open:
theguardian.com

http://www.theguardian.com/sport/live/2015/jun/18/us-open-2015-first-round-live:
theguardian.com

http://www.theguardian.com/sport/live/2015/jun/19/us-open-2015-round-two-live:
theguardian.com

http://www.theguardian.com/sport/live/2015/jun/20/us-open-2015-third-round-live:
theguardian.com

http://www.theguardian.com/sport/live/2015/jun/21/us-open-2015-final-round-live:
theguardian.com

http://www.guardian.co.uk/commentisfree/2013/mar/14/the-pope-francis-i-know:
guardian.co.uk

http://www.guardian.co.uk/world/2001/dec/24/alexbellos:
guardian.co.uk

http://www.guardian.co.uk/world/2013/mar/13/jorge-mario-bergoglio-pope-poverty:
guardian.co.uk

http://www.guardian.co.uk/world/2013/mar/13/jorge-mario-bergoglio-pope-poverty:
guardian.co.uk

http://www.guardian.co.uk/world/2013/mar/13/new-pope-thirteen-key-facts:
guardian.co.uk

http://www.guardian.co.uk/world/2013/mar/14/pope-francis-first-day:
guardian.co.uk

http://www.guardian.co.uk/world/2013/mar/15/pope-francis-argentina-military-era:
guardian.co.uk

http://www.guardian.co.uk/world/2013/mar/21/pope-francis-argentinian-junta-priest:
guardian.co.uk

http://www.guardian.co.uk/world/2013/may/17/pope-francis-attacks-cult-money:
guardian.co.uk

http://www.theguardian.com/environment/2015/apr/28/vatican-climate-change-summit-to-highlight-moral-duty-for-action:
theguardian.com

http://www.theguardian.com/film/2013/dec/11/antonio-banderas-pope-francis-biopic:
theguardian.com

http://www.theguardian.com/world/2013/dec/15/pope-francis-defends-criticism-of-capitalism-not-marxist:
theguardian.com

http://www.theguardian.com/world/2013/jun/26/vatican-bank-pope-francis-commission:
theguardian.com

http://www.theguardian.com/world/2013/mar/19/pope-francis-argentina-1970s:
theguardian.com

http://www.theguardian.com/world/2013/mar/27/christina-fernandez-de-kirchner-pope-francis:
theguardian.com

http://www.theguardian.com/world/2013/may/01/bangladesh-factory-pope-slave-labour:
theguardian.com

http://www.theguardian.com/world/2014/aug/10/pope-francis-iraq-isis-islamic-state-religious-minorities-violence:
theguardian.com

http://www.theguardian.com/world/2014/dec/27/pope-francis-edict-climate-change-us-rightwing:
theguardian.com

http://www.theguardian.com/world/2014/jun/29/pope-francis-woman-from-rib-avoids-pledge-reform-catholic-church:
theguardian.com

http://www.theguardian.com/world/2014/mar/13/pope-francis-report-card:
theguardian.com

http://www.theguardian.com/environment/2015/apr/28/vatican-climate-change-summit-to-highlight-moral-duty-for-action:
theguardian.com

http://www.theguardian.com/environment/blog/live/2015/jun/18/pope-encyclical-climate-change-live-reaction-analysis#block-5582b62de4b0c09f64bfa923:
theguardian.com

http://www.theguardian.com/us-news/2015/jun/17/jeb-bush-joins-republican-backlash-pope-climate-change:
theguardian.com

http://www.theguardian.com/world/2015/jun/13/pope-francis-intervention-transforms-climate-change-debate:
theguardian.com

http://www.theguardian.com/us-news/2015/jun/21/charleston-shooting-senators-funeral-planned-amid-confederate-flag-protests:
theguardian.com

http://www.theguardian.com/commentisfree/2015/jun/18/terrorism-charleston-government-black-lives-matter:
theguardian.com

http://www.theguardian.com/us-news/2015/jun/20/dylann-roof-fbi-website-manifesto-charleston-shooting:
theguardian.com

http://www.theguardian.com/us-news/2015/jun/21/dylann-roof-manifesto-charlston-shootings-republicans:
theguardian.com

http://www.theguardian.com/us-news/2015/jun/22/scott-walker-republican-dylann-roof-manifesto:
theguardian.com

http://www.theguardian.com/us-news/live/2015/jun/18/charleston-church-shooting-reports-fatalities-suspect-large-latest-updates:
theguardian.com

http://www.theguardian.com/world/2015/jun/19/charleston-shooting-florist-debbie-dills-hailed-a-hero-after-tailing-suspects-car:
theguardian.com

http://www.theguardian.com/sport/2015/jun/05/nba-finals-2015-warriors-ignite-overtime-to-down-cavaliers:
theguardian.com

http://www.theguardian.com/sport/2015/jun/07/cleveland-cavaliers-strike-back-in-game-2-thriller-to-tie-nba-finals:
theguardian.com

http://www.theguardian.com/sport/live/2015/jun/14/nba-finals-2015-cleveland-cavaliers-v-golden-state-warriors-live:
theguardian.com

http://www.theguardian.com/sport/live/2015/jun/16/nba-finals-2015-golden-state-warriors-v-cleveland-cavaliers-game-6-live:
theguardian.com

http://www.theguardian.com/football/2015/may/30/womens-world-cup-canada-artificial-pitches:
theguardian.com

http://www.theguardian.com/music/2015/jun/22/gunther-schuller-pulitzer-winning-jazz-and-classical-musician-dies-aged-89:
theguardian.com

http://www.theguardian.com/sport/blog/2012/jun/22/50-olympic-stunning-moments-emil-zatopek:
theguardian.com

http://www.theguardian.com/sport/2014/nov/30/jordan-spieth-wins-australian-open:
theguardian.com

http://www.theguardian.com/sport/live/2015/jun/18/us-open-2015-first-round-live:
theguardian.com

http://www.theguardian.com/sport/live/2015/jun/19/us-open-2015-round-two-live:
theguardian.com

http://www.theguardian.com/sport/live/2015/jun/20/us-open-2015-third-round-live:
theguardian.com

http://www.theguardian.com/sport/live/2015/jun/21/us-open-2015-final-round-live:
theguardian.com

http://www.guardian.co.uk/commentisfree/2013/mar/14/the-pope-francis-i-know:
guardian.co.uk

http://www.guardian.co.uk/world/2001/dec/24/alexbellos:
guardian.co.uk

http://www.guardian.co.uk/world/2013/mar/13/jorge-mario-bergoglio-pope-poverty:
guardian.co.uk

http://www.guardian.co.uk/world/2013/mar/13/jorge-mario-bergoglio-pope-poverty:
guardian.co.uk

http://www.guardian.co.uk/world/2013/mar/13/new-pope-thirteen-key-facts:
guardian.co.uk

http://www.guardian.co.uk/world/2013/mar/14/pope-francis-first-day:
guardian.co.uk

http://www.guardian.co.uk/world/2013/mar/15/pope-francis-argentina-military-era:
guardian.co.uk

http://www.guardian.co.uk/world/2013/mar/21/pope-francis-argentinian-junta-priest:
guardian.co.uk

http://www.guardian.co.uk/world/2013/may/17/pope-francis-attacks-cult-money:
guardian.co.uk

http://www.theguardian.com/environment/2015/apr/28/vatican-climate-change-summit-to-highlight-moral-duty-for-action:
theguardian.com

http://www.theguardian.com/film/2013/dec/11/antonio-banderas-pope-francis-biopic:
theguardian.com

http://www.theguardian.com/world/2013/dec/15/pope-francis-defends-criticism-of-capitalism-not-marxist:
theguardian.com

http://www.theguardian.com/world/2013/jun/26/vatican-bank-pope-francis-commission:
theguardian.com

http://www.theguardian.com/world/2013/mar/19/pope-francis-argentina-1970s:
theguardian.com

http://www.theguardian.com/world/2013/mar/27/christina-fernandez-de-kirchner-pope-francis:
theguardian.com

http://www.theguardian.com/world/2013/may/01/bangladesh-factory-pope-slave-labour:
theguardian.com

http://www.theguardian.com/world/2014/aug/10/pope-francis-iraq-isis-islamic-state-religious-minorities-violence:
theguardian.com

http://www.theguardian.com/world/2014/dec/27/pope-francis-edict-climate-change-us-rightwing:
theguardian.com

http://www.theguardian.com/world/2014/jun/29/pope-francis-woman-from-rib-avoids-pledge-reform-catholic-church:
theguardian.com

http://www.theguardian.com/world/2014/mar/13/pope-francis-report-card:
theguardian.com

http://www.theguardian.com/environment/2015/apr/28/vatican-climate-change-summit-to-highlight-moral-duty-for-action:
theguardian.com

http://www.theguardian.com/environment/blog/live/2015/jun/18/pope-encyclical-climate-change-live-reaction-analysis#block-5582b62de4b0c09f64bfa923:
theguardian.com

http://www.theguardian.com/us-news/2015/jun/17/jeb-bush-joins-republican-backlash-pope-climate-change:
theguardian.com

http://www.theguardian.com/world/2015/jun/13/pope-francis-intervention-transforms-climate-change-debate:
theguardian.com

http://www.theguardian.com/us-news/2015/jun/21/charleston-shooting-senators-funeral-planned-amid-confederate-flag-protests:
theguardian.com

http://www.theguardian.com/commentisfree/2015/jun/18/terrorism-charleston-government-black-lives-matter:
theguardian.com

http://www.theguardian.com/us-news/2015/jun/20/dylann-roof-fbi-website-manifesto-charleston-shooting:
theguardian.com

http://www.theguardian.com/us-news/2015/jun/21/dylann-roof-manifesto-charlston-shootings-republicans:
theguardian.com

http://www.theguardian.com/us-news/2015/jun/22/scott-walker-republican-dylann-roof-manifesto:
theguardian.com

http://www.theguardian.com/us-news/live/2015/jun/18/charleston-church-shooting-reports-fatalities-suspect-large-latest-updates:
theguardian.com

http://www.theguardian.com/world/2015/jun/19/charleston-shooting-florist-debbie-dills-hailed-a-hero-after-tailing-suspects-car:
theguardian.com

http://www.theguardian.com/sport/2015/jun/05/nba-finals-2015-warriors-ignite-overtime-to-down-cavaliers:
theguardian.com

http://www.theguardian.com/sport/2015/jun/07/cleveland-cavaliers-strike-back-in-game-2-thriller-to-tie-nba-finals:
theguardian.com

http://www.theguardian.com/sport/live/2015/jun/14/nba-finals-2015-cleveland-cavaliers-v-golden-state-warriors-live:
theguardian.com

http://www.theguardian.com/sport/live/2015/jun/16/nba-finals-2015-golden-state-warriors-v-cleveland-cavaliers-game-6-live:
theguardian.com

http://www.theguardian.com/football/2015/may/30/womens-world-cup-canada-artificial-pitches:
theguardian.com

http://www.theguardian.com/music/2015/jun/22/gunther-schuller-pulitzer-winning-jazz-and-classical-musician-dies-aged-89:
theguardian.com

http://www.theguardian.com/sport/blog/2012/jun/22/50-olympic-stunning-moments-emil-zatopek:
theguardian.com

http://www.theguardian.com/sport/2014/nov/30/jordan-spieth-wins-australian-open:
theguardian.com

http://www.theguardian.com/sport/live/2015/jun/18/us-open-2015-first-round-live:
theguardian.com

http://www.theguardian.com/sport/live/2015/jun/19/us-open-2015-round-two-live:
theguardian.com

http://www.theguardian.com/sport/live/2015/jun/20/us-open-2015-third-round-live:
theguardian.com

http://www.theguardian.com/sport/live/2015/jun/21/us-open-2015-final-round-live:
theguardian.com

http://www.guardian.co.uk/commentisfree/2013/mar/14/the-pope-francis-i-know:
guardian.co.uk

http://www.guardian.co.uk/world/2001/dec/24/alexbellos:
guardian.co.uk

http://www.guardian.co.uk/world/2013/mar/13/jorge-mario-bergoglio-pope-poverty:
guardian.co.uk

http://www.guardian.co.uk/world/2013/mar/13/jorge-mario-bergoglio-pope-poverty:
guardian.co.uk

http://www.guardian.co.uk/world/2013/mar/13/new-pope-thirteen-key-facts:
guardian.co.uk

http://www.guardian.co.uk/world/2013/mar/14/pope-francis-first-day:
guardian.co.uk

http://www.guardian.co.uk/world/2013/mar/15/pope-francis-argentina-military-era:
guardian.co.uk

http://www.guardian.co.uk/world/2013/mar/21/pope-francis-argentinian-junta-priest:
guardian.co.uk

http://www.guardian.co.uk/world/2013/may/17/pope-francis-attacks-cult-money:
guardian.co.uk

http://www.theguardian.com/environment/2015/apr/28/vatican-climate-change-summit-to-highlight-moral-duty-for-action:
theguardian.com

http://www.theguardian.com/film/2013/dec/11/antonio-banderas-pope-francis-biopic:
theguardian.com

http://www.theguardian.com/world/2013/dec/15/pope-francis-defends-criticism-of-capitalism-not-marxist:
theguardian.com

http://www.theguardian.com/world/2013/jun/26/vatican-bank-pope-francis-commission:
theguardian.com

http://www.theguardian.com/world/2013/mar/19/pope-francis-argentina-1970s:
theguardian.com

http://www.theguardian.com/world/2013/mar/27/christina-fernandez-de-kirchner-pope-francis:
theguardian.com

http://www.theguardian.com/world/2013/may/01/bangladesh-factory-pope-slave-labour:
theguardian.com

http://www.theguardian.com/world/2014/aug/10/pope-francis-iraq-isis-islamic-state-religious-minorities-violence:
theguardian.com

http://www.theguardian.com/world/2014/dec/27/pope-francis-edict-climate-change-us-rightwing:
theguardian.com

http://www.theguardian.com/world/2014/jun/29/pope-francis-woman-from-rib-avoids-pledge-reform-catholic-church:
theguardian.com

http://www.theguardian.com/world/2014/mar/13/pope-francis-report-card:
theguardian.com

http://www.theguardian.com/environment/2015/apr/28/vatican-climate-change-summit-to-highlight-moral-duty-for-action:
theguardian.com

http://www.theguardian.com/environment/blog/live/2015/jun/18/pope-encyclical-climate-change-live-reaction-analysis#block-5582b62de4b0c09f64bfa923:
theguardian.com

http://www.theguardian.com/us-news/2015/jun/17/jeb-bush-joins-republican-backlash-pope-climate-change:
theguardian.com

http://www.theguardian.com/world/2015/jun/13/pope-francis-intervention-transforms-climate-change-debate:
theguardian.com

http://www.theguardian.com/us-news/2015/jun/21/charleston-shooting-senators-funeral-planned-amid-confederate-flag-protests:
theguardian.com

http://www.theguardian.com/commentisfree/2015/jun/18/terrorism-charleston-government-black-lives-matter:
theguardian.com

http://www.theguardian.com/us-news/2015/jun/20/dylann-roof-fbi-website-manifesto-charleston-shooting:
theguardian.com

http://www.theguardian.com/us-news/2015/jun/21/dylann-roof-manifesto-charlston-shootings-republicans:
theguardian.com

http://www.theguardian.com/us-news/2015/jun/22/scott-walker-republican-dylann-roof-manifesto:
theguardian.com

http://www.theguardian.com/us-news/live/2015/jun/18/charleston-church-shooting-reports-fatalities-suspect-large-latest-updates:
theguardian.com

http://www.theguardian.com/world/2015/jun/19/charleston-shooting-florist-debbie-dills-hailed-a-hero-after-tailing-suspects-car:
theguardian.com

http://www.theguardian.com/sport/2015/jun/05/nba-finals-2015-warriors-ignite-overtime-to-down-cavaliers:
theguardian.com

http://www.theguardian.com/sport/2015/jun/07/cleveland-cavaliers-strike-back-in-game-2-thriller-to-tie-nba-finals:
theguardian.com

http://www.theguardian.com/sport/live/2015/jun/14/nba-finals-2015-cleveland-cavaliers-v-golden-state-warriors-live:
theguardian.com

http://www.theguardian.com/sport/live/2015/jun/16/nba-finals-2015-golden-state-warriors-v-cleveland-cavaliers-game-6-live:
theguardian.com

http://www.theguardian.com/football/2015/may/30/womens-world-cup-canada-artificial-pitches:
theguardian.com

http://www.theguardian.com/music/2015/jun/22/gunther-schuller-pulitzer-winning-jazz-and-classical-musician-dies-aged-89:
theguardian.com

http://www.theguardian.com/sport/blog/2012/jun/22/50-olympic-stunning-moments-emil-zatopek:
theguardian.com

http://www.theguardian.com/sport/2014/nov/30/jordan-spieth-wins-australian-open:
theguardian.com

http://www.theguardian.com/sport/live/2015/jun/18/us-open-2015-first-round-live:
theguardian.com

http://www.theguardian.com/sport/live/2015/jun/19/us-open-2015-round-two-live:
theguardian.com

http://www.theguardian.com/sport/live/2015/jun/20/us-open-2015-third-round-live:
theguardian.com

http://www.theguardian.com/sport/live/2015/jun/21/us-open-2015-final-round-live:
theguardian.com

http://www.guardian.co.uk/commentisfree/2013/mar/14/the-pope-francis-i-know:
guardian.co.uk

http://www.guardian.co.uk/world/2001/dec/24/alexbellos:
guardian.co.uk

http://www.guardian.co.uk/world/2013/mar/13/jorge-mario-bergoglio-pope-poverty:
guardian.co.uk

http://www.guardian.co.uk/world/2013/mar/13/jorge-mario-bergoglio-pope-poverty:
guardian.co.uk

http://www.guardian.co.uk/world/2013/mar/13/new-pope-thirteen-key-facts:
guardian.co.uk

http://www.guardian.co.uk/world/2013/mar/14/pope-francis-first-day:
guardian.co.uk

http://www.guardian.co.uk/world/2013/mar/15/pope-francis-argentina-military-era:
guardian.co.uk

http://www.guardian.co.uk/world/2013/mar/21/pope-francis-argentinian-junta-priest:
guardian.co.uk

http://www.guardian.co.uk/world/2013/may/17/pope-francis-attacks-cult-money:
guardian.co.uk

http://www.theguardian.com/environment/2015/apr/28/vatican-climate-change-summit-to-highlight-moral-duty-for-action:
theguardian.com

http://www.theguardian.com/film/2013/dec/11/antonio-banderas-pope-francis-biopic:
theguardian.com

http://www.theguardian.com/world/2013/dec/15/pope-francis-defends-criticism-of-capitalism-not-marxist:
theguardian.com

http://www.theguardian.com/world/2013/jun/26/vatican-bank-pope-francis-commission:
theguardian.com

http://www.theguardian.com/world/2013/mar/19/pope-francis-argentina-1970s:
theguardian.com

http://www.theguardian.com/world/2013/mar/27/christina-fernandez-de-kirchner-pope-francis:
theguardian.com

http://www.theguardian.com/world/2013/may/01/bangladesh-factory-pope-slave-labour:
theguardian.com

http://www.theguardian.com/world/2014/aug/10/pope-francis-iraq-isis-islamic-state-religious-minorities-violence:
theguardian.com

http://www.theguardian.com/world/2014/dec/27/pope-francis-edict-climate-change-us-rightwing:
theguardian.com

http://www.theguardian.com/world/2014/jun/29/pope-francis-woman-from-rib-avoids-pledge-reform-catholic-church:
theguardian.com

http://www.theguardian.com/world/2014/mar/13/pope-francis-report-card:
theguardian.com

http://www.theguardian.com/environment/2015/apr/28/vatican-climate-change-summit-to-highlight-moral-duty-for-action:
theguardian.com

http://www.theguardian.com/environment/blog/live/2015/jun/18/pope-encyclical-climate-change-live-reaction-analysis#block-5582b62de4b0c09f64bfa923:
theguardian.com

http://www.theguardian.com/us-news/2015/jun/17/jeb-bush-joins-republican-backlash-pope-climate-change:
theguardian.com

http://www.theguardian.com/world/2015/jun/13/pope-francis-intervention-transforms-climate-change-debate:
theguardian.com

http://www.theguardian.com/us-news/2015/jun/21/charleston-shooting-senators-funeral-planned-amid-confederate-flag-protests:
theguardian.com

http://www.theguardian.com/commentisfree/2015/jun/18/terrorism-charleston-government-black-lives-matter:
theguardian.com

http://www.theguardian.com/us-news/2015/jun/20/dylann-roof-fbi-website-manifesto-charleston-shooting:
theguardian.com

http://www.theguardian.com/us-news/2015/jun/21/dylann-roof-manifesto-charlston-shootings-republicans:
theguardian.com

http://www.theguardian.com/us-news/2015/jun/22/scott-walker-republican-dylann-roof-manifesto:
theguardian.com

http://www.theguardian.com/us-news/live/2015/jun/18/charleston-church-shooting-reports-fatalities-suspect-large-latest-updates:
theguardian.com

http://www.theguardian.com/world/2015/jun/19/charleston-shooting-florist-debbie-dills-hailed-a-hero-after-tailing-suspects-car:
theguardian.com

http://www.theguardian.com/sport/2015/jun/05/nba-finals-2015-warriors-ignite-overtime-to-down-cavaliers:
theguardian.com

http://www.theguardian.com/sport/2015/jun/07/cleveland-cavaliers-strike-back-in-game-2-thriller-to-tie-nba-finals:
theguardian.com

http://www.theguardian.com/sport/live/2015/jun/14/nba-finals-2015-cleveland-cavaliers-v-golden-state-warriors-live:
theguardian.com

http://www.theguardian.com/sport/live/2015/jun/16/nba-finals-2015-golden-state-warriors-v-cleveland-cavaliers-game-6-live:
theguardian.com

http://www.theguardian.com/football/2015/may/30/womens-world-cup-canada-artificial-pitches:
theguardian.com

http://www.theguardian.com/music/2015/jun/22/gunther-schuller-pulitzer-winning-jazz-and-classical-musician-dies-aged-89:
theguardian.com

http://www.theguardian.com/sport/blog/2012/jun/22/50-olympic-stunning-moments-emil-zatopek:
theguardian.com

