http://articles.latimes.com/2013/aug/01/world/la-fg-wn-snowden-leaves-moscow-airport-20130801:
articles.latimes.com

http://articles.latimes.com/2013/jun/17/world/la-fg-nsa-leak-20130618:
articles.latimes.com

http://articles.latimes.com/2013/jun/23/world/la-fg-wn-snowden-expected-in-moscow-20130623:
articles.latimes.com

http://articles.latimes.com/2005/apr/17/world/fg-cardinal17:
articles.latimes.com

http://articles.latimes.com/2005/apr/17/world/fg-cardinal17:
articles.latimes.com

http://articles.latimes.com/1994-12-09/news/mn-6786_1_harry-horner:
articles.latimes.com

http://articles.latimes.com/2005/apr/17/world/fg-cardinal17:
articles.latimes.com

http://articles.latimes.com/2005/apr/17/world/fg-cardinal17:
articles.latimes.com

http://articles.latimes.com/1994-12-09/news/mn-6786_1_harry-horner:
articles.latimes.com

http://articles.latimes.com/2005/apr/17/world/fg-cardinal17:
articles.latimes.com

http://articles.latimes.com/2005/apr/17/world/fg-cardinal17:
articles.latimes.com

http://articles.latimes.com/1994-12-09/news/mn-6786_1_harry-horner:
articles.latimes.com

http://articles.latimes.com/2005/apr/17/world/fg-cardinal17:
articles.latimes.com

http://articles.latimes.com/2005/apr/17/world/fg-cardinal17:
articles.latimes.com

http://articles.latimes.com/1994-12-09/news/mn-6786_1_harry-horner:
articles.latimes.com

http://articles.latimes.com/2005/apr/17/world/fg-cardinal17:
articles.latimes.com

http://articles.latimes.com/2005/apr/17/world/fg-cardinal17:
articles.latimes.com

http://articles.latimes.com/1994-12-09/news/mn-6786_1_harry-horner:
articles.latimes.com

http://articles.latimes.com/2005/apr/17/world/fg-cardinal17:
articles.latimes.com

http://articles.latimes.com/2005/apr/17/world/fg-cardinal17:
articles.latimes.com

http://articles.latimes.com/1994-12-09/news/mn-6786_1_harry-horner:
articles.latimes.com

http://articles.latimes.com/2005/apr/17/world/fg-cardinal17:
articles.latimes.com

http://articles.latimes.com/2005/apr/17/world/fg-cardinal17:
articles.latimes.com

http://articles.latimes.com/1994-12-09/news/mn-6786_1_harry-horner:
articles.latimes.com

http://articles.latimes.com/2005/apr/17/world/fg-cardinal17:
articles.latimes.com

http://articles.latimes.com/2005/apr/17/world/fg-cardinal17:
articles.latimes.com

http://articles.latimes.com/1994-12-09/news/mn-6786_1_harry-horner:
articles.latimes.com

http://articles.latimes.com/2005/apr/17/world/fg-cardinal17:
articles.latimes.com

http://articles.latimes.com/2005/apr/17/world/fg-cardinal17:
articles.latimes.com

http://articles.latimes.com/1994-12-09/news/mn-6786_1_harry-horner:
articles.latimes.com

http://articles.latimes.com/2005/apr/17/world/fg-cardinal17:
articles.latimes.com

http://articles.latimes.com/2005/apr/17/world/fg-cardinal17:
articles.latimes.com

http://articles.latimes.com/1994-12-09/news/mn-6786_1_harry-horner:
articles.latimes.com

