http://www.nbcnews.com/id/50927099/ns/world_news-mideast_n_africa/t/us-condemns-scud-attack-syria-invites-opposition-talks/#.UX05nLWUT6c:
nbcnews.com

http://tv.msnbc.com/2013/01/14/colleges-roll-back-faculty-hours-in-response-to-obamacare:
tv.msnbc.com

http://www.msnbc.msn.com/id/36001783/ns/politics-health_care_reform/:
msnbc.msn.com

http://www.nbc29.com/Global/story.asp?S=13916155:
nbc29.com

http://firstread.nbcnews.com/_news/2013/10/10/20903624-nbcwsj-poll-shutdown-debate-damages-gop:
firstread.nbcnews.com

http://msnbcmedia.msn.com/i/MSNBC/Sections/A_Politics/_Today_Stories_Teases/Oct_poll.pdf:
msnbcmedia.msn.com

http://nbcpolitics.nbcnews.com/_news/2013/10/01/20772110-latest-gop-shutdown-proposal-fails-no-separate-funding-for-vets-parks?lite:
nbcpolitics.nbcnews.com

http://nbcpolitics.nbcnews.com/_news/2013/10/02/20789688-no-stranger-to-controversy-world-war-ii-memorial-again-at-center-of-bickering?lite:
nbcpolitics.nbcnews.com

http://nbcpolitics.nbcnews.com/_news/2013/10/14/20960326-obama-to-meet-with-hill-leaders-as-contours-of-deal-emerge?lite:
nbcpolitics.nbcnews.com

http://tv.msnbc.com/2013/10/02/shutdown-impairs-cancer-treatment-for-children/:
tv.msnbc.com

http://tv.msnbc.com/2013/10/03/gop-congressman-shames-national-park-ranger-for-doing-her-job:
tv.msnbc.com

http://www.cnbc.com/id/101053976:
cnbc.com

http://www.cnbc.com/id/101065733:
cnbc.com

http://www.cnbc.com/id/101093033:
cnbc.com

http://www.msnbc.com/msnbc/domestic-abuse-victims-may-lose-aid:
msnbc.com

http://www.msnbc.com/the-last-word/shutdown-pauses-sexual-assault-investigations:
msnbc.com

http://www.nbcnews.com/business/lockheed-martin-others-send-workers-home-over-government-shutdown-8C11338787:
nbcnews.com

http://www.nbcnews.com/travel/small-businesses-fear-bankruptcy-national-park-shutdowns-8C11310946:
nbcnews.com

http://www.nbcphiladelphia.com/news/local/Famous-City-Tavern-Closed-by-Government-Shutdown-226198441.html:
nbcphiladelphia.com

http://www.nbcwashington.com/news/local/Congressman-Confronts-Park-Ranger-Over-Closed-WWII-Memorial-226209781.html:
nbcwashington.com

http://www.nbcwashington.com/news/local/DC-Mayor-to-Speak-Out-Against-Government-Shutdown-227036531.html:
nbcwashington.com

http://www.nbcwashington.com/news/local/Shutdown-Scuttles-Annual-Fall-Assateague-Island-Pony-Roundup-in-Virginia-226786181.html:
nbcwashington.com

http://nbcpolitics.nbcnews.com/_news/2013/09/29/20743313-chances-of-averting-government-shutdown-appear-slim?lite:
nbcpolitics.nbcnews.com

http://www.cnbc.com/id/100968089:
cnbc.com

http://firstread.nbcnews.com/_news/2013/10/10/20903624-nbcwsj-poll-shutdown-debate-damages-gop?lite:
firstread.nbcnews.com

http://www.msnbc.com/msnbc/obama-says-there-no-spying-americans:
msnbc.com

http://www.nbcnews.com/technology/nsa-collected-56-000-emails-americans-year-documents-6C10975688:
nbcnews.com

http://usnews.nbcnews.com/_news/2013/06/10/18882615-what-we-know-about-nsa-leaker-edward-snowden?lite:
usnews.nbcnews.com

http://worldnews.nbcnews.com/_news/2013/07/05/19309635-venezuela-nicaragua-offer-asylum-to-nsa-leaker-snowden?lite:
worldnews.nbcnews.com

http://investigations.nbcnews.com/_news/2013/05/01/17991679-green-honda-could-prove-crucial-if-tsarnaev-charged-in-mit-officers-killing?lite:
investigations.nbcnews.com

http://profootballtalk.nbcsports.com/2013/04/15/joe-andruzzi-handles-boston-marathon-attack-the-way-joe-andruzzi-would:
profootballtalk.nbcsports.com

http://usnews.nbcnews.com/_news/2013/04/15/17764747-explosions-rock-finish-of-boston-marathon-3-killed-and-scores-injured?lite:
usnews.nbcnews.com

http://usnews.nbcnews.com/_news/2013/04/19/17823265-we-got-him-boston-bombing-suspect-captured-alive:
usnews.nbcnews.com

http://usnews.nbcnews.com/_news/2013/04/19/17826502-an-empty-metropolis-bostonians-share-photos-of-deserted-streets?lite:
usnews.nbcnews.com

http://usnews.nbcnews.com/_news/2013/04/19/17826915-missing-brown-university-students-family-dragged-into-virally-fueled-false-accusation-in-boston:
usnews.nbcnews.com

http://usnews.nbcnews.com/_news/2013/04/21/17814843-rapid-strides-limb-advances-offer-hope-for-boston-amputees:
usnews.nbcnews.com

http://usnews.nbcnews.com/_news/2013/04/21/17841985-crowdfunding-raises-2-million-for-boston-victims-critics-urge-caution?lite:
usnews.nbcnews.com

http://usnews.nbcnews.com/_news/2013/04/22/17866117-fbi-agents-question-members-of-mosque-that-tsarnaevs-attended?lite:
usnews.nbcnews.com

http://usnews.nbcnews.com/_news/2013/04/23/17877288-search-of-tsarnaevs-phones-computers-finds-no-indication-of-accomplice-source-says:
usnews.nbcnews.com

http://usnews.nbcnews.com/_news/2013/04/25/17913288-missing-brown-university-student-found-dead-in-providence-river-authorities-confirm?lite:
usnews.nbcnews.com

http://www.nbcbayarea.com/news/national-international/Boston-Bombing-Suspects-are-Russian-Brothers-Officials-Say-203757531.html:
nbcbayarea.com

http://www.nbcnews.com/video/nbc-news/51551759/#51551759:
nbcnews.com

http://usnews.nbcnews.com/_news/2013/04/19/17823265-we-got-him-boston-bombing-suspect-captured-alive?lite:
usnews.nbcnews.com

http://usnews.nbcnews.com/_news/2013/04/23/17877288-search-of-tsarnaevs-phones-computers-finds-no-indication-of-accomplice-source-says?lite:
usnews.nbcnews.com

http://usnews.nbcnews.com/_news/2013/04/25/17912024-america-took-my-kids-away-mother-of-boston-suspects-insists-sons-not-responsible?lite:
usnews.nbcnews.com

http://usnews.nbcnews.com/_news/2013/08/20/20103906-boston-bombing-suspect-tsarnaev-had-gunshot-wounds-to-the-mouth-extremities?lite:
usnews.nbcnews.com

http://worldnews.nbcnews.com/_news/2013/04/21/17847186-boston-bombing-suspects-father-a-good-man-neighbors-in-dagestan-say?lite:
worldnews.nbcnews.com

http://www.nbcbayarea.com/news/national-international/Boston-Bombing-Suspects-are-Russian-Brothers-Officials-Say-203757531.html:
nbcbayarea.com

http://www.msnbc.msn.com/id/19836050:
msnbc.msn.com

http://worldnews.nbcnews.com/_news/2013/03/13/17299920-meet-the-new-pope-francis-is-humble-leader-who-takes-the-bus-to-work?lite:
worldnews.nbcnews.com

http://www.cnbc.com/id/100538976:
cnbc.com

http://www.cnbc.com/id/100931792:
cnbc.com

http://worldnews.nbcnews.com/_news/2013/03/13/17299920-meet-the-new-pope-francis-is-humble-leader-who-takes-the-bus-to-work?lite:
worldnews.nbcnews.com

http://tv.msnbc.com/2013/06/29/zimmerman-case-is-rachel-jeantel-on-trial-too/:
tv.msnbc.com

http://tv.msnbc.com/2013/07/05/george-zimmerman-trial-the-prosecution-rests/:
tv.msnbc.com

http://usnews.nbcnews.com/_news/2013/06/06/18798509-zimmerman-hearing-heats-up-as-lawyers-spar?lite:
usnews.nbcnews.com

http://usnews.nbcnews.com/_news/2013/06/10/18880979-potential-trayvon-martin-case-jurors-get-look-at-defendant-george-zimmerman?lite:
usnews.nbcnews.com

http://usnews.nbcnews.com/_news/2013/07/10/19395261-defense-rests-in-zimmerman-trial-zimmerman-doesnt-take-the-stand?lite:
usnews.nbcnews.com

http://www.nbcmiami.com/news/George-Zimmerman-Not-a-Flight-Risk-Former-Attorney-146966625.html:
nbcmiami.com

http://usnews.nbcnews.com/_news/2012/03/27/10894561-zimmerman-accused-of-domestic-violence-fighting-with-a-police-officer:
usnews.nbcnews.com

http://usnews.nbcnews.com/_news/2013/06/10/18880979-potential-trayvon-martin-case-jurors-get-look-at-defendant-george-zimmerman?lite:
usnews.nbcnews.com

http://www.nbcmiami.com/news/George-Zimmerman-to-Make-First-Appearance-Before-Judge-Thursday-147134515.html:
nbcmiami.com

http://www.nbcnews.com/video/nightly-news/46910559#52548064:
nbcnews.com

http://msnbcmedia.msn.com/i/msnbc/sections/news/Zimmerman_Discovery.pdf:
msnbcmedia.msn.com

http://tv.msnbc.com/2013/06/29/zimmerman-case-is-rachel-jeantel-on-trial-too/:
tv.msnbc.com

http://usnews.nbcnews.com/_news/2013/06/10/18880979-potential-trayvon-martin-case-jurors-get-look-at-defendant-george-zimmerman?lite:
usnews.nbcnews.com

http://usnews.nbcnews.com/_news/2013/06/27/19175621-zimmerman-testimony-focuses-on-letter-given-to-trayvon-martins-mom?lite:
usnews.nbcnews.com

http://www.nbcmiami.com/news/George-Zimmerman-to-Make-First-Appearance-Before-Judge-Thursday-147134515.html:
nbcmiami.com

http://www.nbcmiami.com/news/local/NBC6-Zimmerman-Edit-Explanation-148961305.html:
nbcmiami.com

http://www.nbcmiami.com/news/local/OMara-Releases-Zimmermans-Statements--159844685.html:
nbcmiami.com

http://www.nbcmiami.com/news/local/Old-Photos-May-Have-Shaped-Public-Reaction-In-Trayvon-Martin-Case-145223895.html:
nbcmiami.com

http://www.nbcnewyork.com/news/local/George-Zimmerman-Verdict-Rallies-New-York-City-Trayvon-Martin-215434731.html:
nbcnewyork.com

http://www.msnbc.msn.com/id//:
msnbc.msn.com

http://www.msnbc.msn.com/id/43327793/ns/business-oil_and_energy/t/china-surpasses-us-top-energy-consumer/:
msnbc.msn.com

http://worldnews.nbcnews.com/_news/2013/07/03/19261466-supporters-of-egyptian-president-say-military-coup-is-underway?lite?ocid=twitter:
worldnews.nbcnews.com

http://worldnews.nbcnews.com/_news/2013/07/03/19273203-we-pray-for-god-to-help-you-reactions-to-military-take-over-in-egypt?lite:
worldnews.nbcnews.com

http://worldnews.nbcnews.com/_news/2013/07/11/19411926-us-reviews-egypt-aid-as-arab-nations-pour-12-billion-into-post-morsi-regime?lite:
worldnews.nbcnews.com

http://www.msnbc.msn.com/id/47811614#.T9o_KVJy9RU:
msnbc.msn.com

