http://projects.nytimes.com/watching-syrias-war?ref=syria:
projects.nytimes.com

http://topics.nytimes.com/top/news/international/countriesandterritories/syria/index.html:
topics.nytimes.com

http://projects.nytimes.com/watching-syrias-war/video-said-to-show-victims-of-chemical-attack-near-damascus:
projects.nytimes.com

http://economix.blogs.nytimes.com/2009/12/18/reimporting-american-drugs-from-canada/:
economix.blogs.nytimes.com

http://economix.blogs.nytimes.com/2010/03/24/wrapping-your-head-around-the-health-bill:
economix.blogs.nytimes.com

http://elections.nytimes.com/2008/president/debates/transcripts/first-presidential-debate.html:
elections.nytimes.com

http://fivethirtyeight.blogs.nytimes.com/2013/05/01/uncertainty-still-clouds-health-care-law:
fivethirtyeight.blogs.nytimes.com

http://krugman.blogs.nytimes.com/2010/01/08/one-health-care-reform-indivisible:
krugman.blogs.nytimes.com

http://economix.blogs.nytimes.com/2013/09/24/how-to-gut-obamacare/:
economix.blogs.nytimes.com

http://politics.nytimes.com/congress/votes/113/house/1/550:
politics.nytimes.com

http://thecaucus.blogs.nytimes.com/2010/09/10/republican-congressman-talks-government-shutdown:
thecaucus.blogs.nytimes.com

http://thecaucus.blogs.nytimes.com/2012/07/31/tentative-agreement-reached-in-congress-avoiding-government-shutdown:
thecaucus.blogs.nytimes.com

http://thecaucus.blogs.nytimes.com/2011/04/07/will-members-of-congress-get-paid-in-a-shutdown/:
thecaucus.blogs.nytimes.com

http://bits.blogs.nytimes.com/2013/06/15/google-calls-u-s-data-request-disclosures-a-step-backward-for-users/:
bits.blogs.nytimes.com

http://takingnote.blogs.nytimes.com/2013/07/09/a-court-without-adversaries/?src=recg&amp;gwh=650D45C4EE080588144D61FA7A1AC5AF:
takingnote.blogs.nytimes.com

http://thecaucus.blogs.nytimes.com/2013/06/09/lawmaker-calls-for-renewed-debate-over-patriot-act/:
thecaucus.blogs.nytimes.com

http://douthat.blogs.nytimes.com/2013/04/22/thoughts-on-the-boston-lockdown:
douthat.blogs.nytimes.com

http://thelede.blogs.nytimes.com/2013/04/15/live-updates-explosion-at-boston-marathon/:
thelede.blogs.nytimes.com

http://thelede.blogs.nytimes.com/2013/04/16/live-updates-in-the-aftermath-of-the-boston-marathon-explosions/#police-bomb-sweep-one-hour-before-attack:
thelede.blogs.nytimes.com

http://thelede.blogs.nytimes.com/2013/04/22/updates-in-the-aftermath-of-the-boston-marathon-bombing/?hp#their-stories-the-people-who-were-at-the-finish-line:
thelede.blogs.nytimes.com

http://wap.nytimes.com/2013/05/04/us/path-from-social-butterfly-to-suspects-widow-in-hijab.html:
wap.nytimes.com

http://mobile.nytimes.com/2013/05/04/us/path-from-social-butterfly-to-suspects-widow-in-hijab.html?from=homepage:
mobile.nytimes.com

http://wap.nytimes.com/2013/05/04/us/path-from-social-butterfly-to-suspects-widow-in-hijab.html:
wap.nytimes.com

http://movies.nytimes.com/movie/161621/Mandela-and-de-Klerk/overview:
movies.nytimes.com

http://movies.nytimes.com/movie/389360/The-Color-of-Freedom/overview:
movies.nytimes.com

http://query.nytimes.com/gst/fullpage.html?res=9F00E4DD1438F934A15750C0A963948260:
query.nytimes.com

http://mediadecoder.blogs.nytimes.com/2012/04/06/nbc-fires-producer-of-misleading-zimmerman-tape/:
mediadecoder.blogs.nytimes.com

http://thelede.blogs.nytimes.com/2012/03/29/bloggers-cherry-pick-from-social-media-to-cast-trayvon-martin-as-a-menace/:
thelede.blogs.nytimes.com

http://thelede.blogs.nytimes.com/2012/04/10/on-a-new-web-site-george-zimmerman-speaks-out:
thelede.blogs.nytimes.com

http://thelede.blogs.nytimes.com/2013/07/26/tahrir-taken-some-egyptians-look-for-a-third-square-to-resist-islamists-and-army/:
thelede.blogs.nytimes.com

