http://in.reuters.com/article/2011/10/25/idINIndia-60114220111025:
in.reuters.com

http://uk.reuters.com/article/2012/07/04/uk-syria-crisis-rifts-idUKBRE8630IY20120704:
uk.reuters.com

http://uk.reuters.com/article/2012/07/18/uk-syria-crisis-bombing-claim-idUKBRE86H0FO20120718:
uk.reuters.com

http://af.reuters.com/article/topNews/idAFJOE86602Y20120707:
af.reuters.com

http://uk.reuters.com/article/2013/10/28/uk-usa-spying-cameron-idUKBRE99O0K120131028:
uk.reuters.com

http://in.reuters.com/article/2013/07/03/usa-security-snowden-jet-bolivia-idINDEE96207B20130703:
in.reuters.com

http://uk.reuters.com/article/2013/06/10/uk-usa-security-britain-idUKBRE9590DQ20130610:
uk.reuters.com

http://live.reuters.com/Event/Boston_Marathon_Explosion:
live.reuters.com

http://in.reuters.com/article/2013/12/06/us-syria-crisis-mandela-idINBRE9B50N720131206:
in.reuters.com

http://in.reuters.com/article/2013/03/13/pope-francis-blessing-idINDEE92C0FE20130313:
in.reuters.com

http://uk.reuters.com/article/2013/04/03/uk-pope-women-idUKBRE9320L120130403:
uk.reuters.com

http://uk.reuters.com/article/2013/04/24/egypt-subsidies-idUKL6N0DB2MH20130424:
uk.reuters.com

http://uk.reuters.com/article/2013/07/03/uk-egypt-protests-syria-idUKBRE96219620130703:
uk.reuters.com

