http://blogs.wsj.com/cio/2013/12/26/snowden-effect-dominates-2013-tech-industry-news/:
blogs.wsj.com

http://blogs.wsj.com/cio/2014/04/03/post-snowden-some-internet-usage-is-contracting-study-finds/:
blogs.wsj.com

http://blogs.wsj.com/digits/2014/07/30/new-report-snowden-revelations-hurt-u-s-companies/:
blogs.wsj.com

http://blogs.wsj.com/washwire/2013/08/23/nsa-officers-sometimes-spy-on-love-interests/:
blogs.wsj.com

http://online.wsj.com/news/articles/SB10001424052702303595404579318884005698684:
online.wsj.com

http://blogs.wsj.com/briefly/2015/06/18/5-things-to-know-about-pope-francis-encyclical-laudato-si/:
blogs.wsj.com

http://blogs.wsj.com/briefly/2015/06/18/5-things-to-know-about-pope-francis-encyclical-laudato-si/:
blogs.wsj.com

http://blogs.wsj.com/briefly/2015/06/18/5-things-to-know-about-pope-francis-encyclical-laudato-si/:
blogs.wsj.com

http://blogs.wsj.com/briefly/2015/06/18/5-things-to-know-about-pope-francis-encyclical-laudato-si/:
blogs.wsj.com

http://blogs.wsj.com/briefly/2015/06/18/5-things-to-know-about-pope-francis-encyclical-laudato-si/:
blogs.wsj.com

http://blogs.wsj.com/briefly/2015/06/18/5-things-to-know-about-pope-francis-encyclical-laudato-si/:
blogs.wsj.com

http://blogs.wsj.com/briefly/2015/06/18/5-things-to-know-about-pope-francis-encyclical-laudato-si/:
blogs.wsj.com

http://blogs.wsj.com/briefly/2015/06/18/5-things-to-know-about-pope-francis-encyclical-laudato-si/:
blogs.wsj.com

